[0.009s] Invoking command in '/home/blor/ros2_ws2/build/chrono_ros': CMAKE_PREFIX_PATH=${CMAKE_PREFIX_PATH}:/opt/ros/humble /usr/bin/cmake /home/blor/ros2_ws2/chrono_ros -DCMAKE_INSTALL_PREFIX=/home/blor/ros2_ws2/install/chrono_ros
[0.059s] -- The C compiler identification is GNU 11.4.0
[0.126s] -- The CXX compiler identification is GNU 11.4.0
[0.143s] -- Detecting C compiler ABI info
[0.211s] -- Detecting C compiler ABI info - done
[0.216s] -- Check for working C compiler: /usr/bin/cc - skipped
[0.216s] -- Detecting C compile features
[0.217s] -- Detecting C compile features - done
[0.219s] -- Detecting CXX compiler ABI info
[0.284s] -- Detecting CXX compiler ABI info - done
[0.289s] -- Check for working CXX compiler: /usr/bin/c++ - skipped
[0.289s] -- Detecting CXX compile features
[0.290s] -- Detecting CXX compile features - done
[0.292s] -- Found ament_cmake: 1.3.10 (/opt/ros/humble/share/ament_cmake/cmake)
[0.403s] -- Found Python3: /usr/bin/python3 (found version "3.10.12") found components: Interpreter 
[0.475s] -- Found ament_lint_auto: 0.12.11 (/opt/ros/humble/share/ament_lint_auto/cmake)
[0.537s] -- Added test 'lint_cmake' to check CMake code style
[0.538s] -- Added test 'xmllint' to check XML markup files
[0.539s] -- Configuring done
[0.541s] -- Generating done
[0.542s] -- Build files have been written to: /home/blor/ros2_ws2/build/chrono_ros
[0.546s] Invoked command in '/home/blor/ros2_ws2/build/chrono_ros' returned '0': CMAKE_PREFIX_PATH=${CMAKE_PREFIX_PATH}:/opt/ros/humble /usr/bin/cmake /home/blor/ros2_ws2/chrono_ros -DCMAKE_INSTALL_PREFIX=/home/blor/ros2_ws2/install/chrono_ros
[0.547s] Invoking command in '/home/blor/ros2_ws2/build/chrono_ros': CMAKE_PREFIX_PATH=${CMAKE_PREFIX_PATH}:/opt/ros/humble /usr/bin/cmake --build /home/blor/ros2_ws2/build/chrono_ros -- -j16 -l16
[0.578s] Invoked command in '/home/blor/ros2_ws2/build/chrono_ros' returned '0': CMAKE_PREFIX_PATH=${CMAKE_PREFIX_PATH}:/opt/ros/humble /usr/bin/cmake --build /home/blor/ros2_ws2/build/chrono_ros -- -j16 -l16
[0.597s] Invoking command in '/home/blor/ros2_ws2/build/chrono_ros': CMAKE_PREFIX_PATH=${CMAKE_PREFIX_PATH}:/opt/ros/humble /usr/bin/cmake --install /home/blor/ros2_ws2/build/chrono_ros
[0.603s] -- Install configuration: ""
[0.603s] -- Installing: /home/blor/ros2_ws2/install/chrono_ros/share/ament_index/resource_index/package_run_dependencies/chrono_ros
[0.604s] -- Installing: /home/blor/ros2_ws2/install/chrono_ros/share/ament_index/resource_index/parent_prefix_path/chrono_ros
[0.604s] -- Installing: /home/blor/ros2_ws2/install/chrono_ros/share/chrono_ros/environment/ament_prefix_path.sh
[0.604s] -- Installing: /home/blor/ros2_ws2/install/chrono_ros/share/chrono_ros/environment/ament_prefix_path.dsv
[0.604s] -- Installing: /home/blor/ros2_ws2/install/chrono_ros/share/chrono_ros/environment/path.sh
[0.604s] -- Installing: /home/blor/ros2_ws2/install/chrono_ros/share/chrono_ros/environment/path.dsv
[0.604s] -- Installing: /home/blor/ros2_ws2/install/chrono_ros/share/chrono_ros/local_setup.bash
[0.604s] -- Installing: /home/blor/ros2_ws2/install/chrono_ros/share/chrono_ros/local_setup.sh
[0.604s] -- Installing: /home/blor/ros2_ws2/install/chrono_ros/share/chrono_ros/local_setup.zsh
[0.605s] -- Installing: /home/blor/ros2_ws2/install/chrono_ros/share/chrono_ros/local_setup.dsv
[0.605s] -- Installing: /home/blor/ros2_ws2/install/chrono_ros/share/chrono_ros/package.dsv
[0.605s] -- Installing: /home/blor/ros2_ws2/install/chrono_ros/share/ament_index/resource_index/packages/chrono_ros
[0.605s] -- Installing: /home/blor/ros2_ws2/install/chrono_ros/share/chrono_ros/cmake/chrono_rosConfig.cmake
[0.605s] -- Installing: /home/blor/ros2_ws2/install/chrono_ros/share/chrono_ros/cmake/chrono_rosConfig-version.cmake
[0.605s] -- Installing: /home/blor/ros2_ws2/install/chrono_ros/share/chrono_ros/package.xml
[0.607s] Invoked command in '/home/blor/ros2_ws2/build/chrono_ros' returned '0': CMAKE_PREFIX_PATH=${CMAKE_PREFIX_PATH}:/opt/ros/humble /usr/bin/cmake --install /home/blor/ros2_ws2/build/chrono_ros
