[0.016s] Invoking command in '/home/blor/ros2_ws2/build/chrono_sim': CMAKE_PREFIX_PATH=${CMAKE_PREFIX_PATH}:/opt/ros/humble /usr/bin/cmake --build /home/blor/ros2_ws2/build/chrono_sim -- -j16 -l16
[0.056s] -- Finding package Chrono...
[0.056s] --    Requested component Irrlicht (REQUIRED)
[0.056s] --    Requested component Vehicle (REQUIRED)
[0.056s] --    Requested component Parsers (REQUIRED)
[0.061s] --    Requested component Ros (REQUIRED)
[0.063s] --    CHRONO_CXX_FLAGS         (Compiler flags): ;-fopenmp;-march=native
[0.063s] --    CHRONO_C_FLAGS           (Compiler flags): ;-fopenmp;-march=native
[0.063s] --    CHRONO_LINKER_FLAGS      (Linker flags): -L/usr/local/lib
[0.063s] --    CHRONO_INCLUDE_DIRS      (Chrono include directories): /usr/local/include;/usr/local/include/chrono;/usr/local/include/chrono/collision/bullet;/usr/local/include/chrono/collision/gimpact;/usr/local/include/chrono_thirdparty/HACD;/usr/local/include/chrono_thirdparty/HACDv2;/usr/include/eigen3;/usr/local/cuda/include;/usr/include/irrlicht;;/opt/ros/humble/lib/x86_64-linux-gnu/urdfdom/cmake/../../../../include/urdfdom;/usr/include;/opt/ros/humble/lib/x86_64-linux-gnu/urdfdom_headers/cmake/../../../../include/urdfdom_headers;/usr/include;/home/blor/ros2_ws/install/turtlesim;/home/blor/ros2_ws/install/chrono_ros_interfaces;/home/blor/Downloads/turtlebot_gazebo_ws/install/turtlebot4_description;/home/blor/Downloads/turtlebot_gazebo_ws/install/turtlebot3_fake_node;/opt/ros/humble/include;/usr/include/python3.10;/home/blor/ros2_ws/install/turtlesim;/home/blor/ros2_ws/install/chrono_ros_interfaces;/home/blor/Downloads/turtlebot_gazebo_ws/install/turtlebot4_description;/home/blor/Downloads/turtlebot_gazebo_ws/install/turtlebot3_fake_node;/opt/ros/humble/include;/opt/ros/humble/include/rclcpp;/opt/ros/humble/include/ament_index_cpp;/opt/ros/humble/include/libstatistics_collector;/opt/ros/humble/include/rcl;/opt/ros/humble/include/rcpputils;/opt/ros/humble/include/rcutils;/opt/ros/humble/include/builtin_interfaces;/opt/ros/humble/include/rosgraph_msgs;/opt/ros/humble/include/rosidl_typesupport_cpp;/opt/ros/humble/include/rosidl_typesupport_c;/opt/ros/humble/include/rosidl_runtime_cpp;/opt/ros/humble/include/rcl_yaml_param_parser;/opt/ros/humble/include/statistics_msgs;/opt/ros/humble/include/tracetools;/opt/ros/humble/include/rosidl_runtime_c;/opt/ros/humble/include/rosidl_typesupport_interface;/opt/ros/humble/include/rosidl_typesupport_fastrtps_c;/opt/ros/humble/include/rosidl_typesupport_fastrtps_cpp;/opt/ros/humble/include/rmw;/opt/ros/humble/include/rcl_interfaces;/opt/ros/humble/include/rosidl_typesupport_introspection_c;/opt/ros/humble/include/rosidl_typesupport_introspection_cpp;/opt/ros/humble/include/std_msgs;/opt/ros/humble/include/geometry_msgs;/opt/ros/humble/include/sensor_msgs;/opt/ros/humble/include/tf2_ros;/opt/ros/humble/include/rclcpp_components;/opt/ros/humble/include/message_filters;/opt/ros/humble/include/rclcpp_action;/opt/ros/humble/include/tf2;/opt/ros/humble/include/tf2_msgs;/opt/ros/humble/include/action_msgs;/home/blor/ros2_ws/install/chrono_ros_interfaces/include/chrono_ros_interfaces
[0.063s] --    CHRONO_LIB_NAMES         (Chrono library names): ChronoEngine_ros;ChronoEngine_parsers;ChronoEngine_vehicle_irrlicht;ChronoModels_vehicle;ChronoEngine_vehicle;ChronoEngine_irrlicht;ChronoModels_robot;ChronoEngine
[0.063s] --    CHRONO_LIBRARIES         (Chrono libraries): /usr/lib/gcc/x86_64-linux-gnu/11/libgomp.so;/usr/lib/x86_64-linux-gnu/libpthread.a;;urdfdom::urdfdom_model;urdfdom::urdfdom_world;urdfdom::urdfdom_sensor;tinyxml2::tinyxml2;ChronoEngine;ChronoModels_robot;ChronoEngine_vehicle;ChronoModels_vehicle;ChronoEngine_parsers;/usr/local/lib/libChronoEngine_ros.so;/usr/local/lib/libChronoEngine_parsers.so;/usr/local/lib/libChronoEngine_vehicle_irrlicht.so;/usr/local/lib/libChronoModels_vehicle.so;/usr/local/lib/libChronoEngine_vehicle.so;/usr/local/lib/libChronoEngine_irrlicht.so;/usr/local/lib/libChronoModels_robot.so;/usr/local/lib/libChronoEngine.so
[0.063s] --    CHRONO_DATA_DIR          (Path to Chrono data folder): /usr/local/share/chrono/data/
[0.063s] --    CHRONO_VEHICLE_DATA_DIR  (Path to Chrono::Vehicle data folder): /usr/local/share/chrono/data/vehicle/
[0.063s] --    CHRONO_FSI_DATA_DIR      (Path to Chrono::FSI data folder): /usr/local/share/chrono/data/fsi/
[0.063s] -- Found ament_cmake: 1.3.10 (/opt/ros/humble/share/ament_cmake/cmake)
[0.198s] -- Found rclcpp: 16.0.10 (/opt/ros/humble/share/rclcpp/cmake)
[0.238s] -- Found rosidl_generator_c: 3.1.5 (/opt/ros/humble/share/rosidl_generator_c/cmake)
[0.242s] -- Found rosidl_adapter: 3.1.5 (/opt/ros/humble/share/rosidl_adapter/cmake)
[0.251s] -- Found rosidl_generator_cpp: 3.1.5 (/opt/ros/humble/share/rosidl_generator_cpp/cmake)
[0.263s] -- Using all available rosidl_typesupport_c: rosidl_typesupport_fastrtps_c;rosidl_typesupport_introspection_c
[0.278s] -- Using all available rosidl_typesupport_cpp: rosidl_typesupport_fastrtps_cpp;rosidl_typesupport_introspection_cpp
[0.318s] -- Found rmw_implementation_cmake: 6.1.2 (/opt/ros/humble/share/rmw_implementation_cmake/cmake)
[0.320s] -- Found rmw_fastrtps_cpp: 6.2.7 (/opt/ros/humble/share/rmw_fastrtps_cpp/cmake)
[0.398s] -- Using RMW implementation 'rmw_fastrtps_cpp' as default
[0.456s] -- Found std_srvs: 4.2.4 (/opt/ros/humble/share/std_srvs/cmake)
[0.467s] -- Found geometry_msgs: 4.2.4 (/opt/ros/humble/share/geometry_msgs/cmake)
[0.482s] -- Found tf2_ros: 0.25.7 (/opt/ros/humble/share/tf2_ros/cmake)
[0.685s] -- Configuring done
[0.934s] -- Generating done
[0.941s] -- Build files have been written to: /home/blor/ros2_ws2/build/chrono_sim
[1.008s] [35m[1mConsolidate compiler generated dependencies of target sim_tools[0m
[1.086s] [  2%] [32mBuilding CXX object CMakeFiles/sim_tools.dir/src/sim_tools/SpiritFactory.cpp.o[0m
[1.086s] [  2%] [32mBuilding CXX object CMakeFiles/sim_tools.dir/src/sim_tools/RHexFactory.cpp.o[0m
[1.087s] [  4%] [32mBuilding CXX object CMakeFiles/sim_tools.dir/src/sim_tools/RoverFactory.cpp.o[0m
[10.120s] [  5%] [32m[1mLinking CXX shared library libsim_tools.so[0m
[10.955s] [ 20%] Built target sim_tools
[10.971s] [35m[1mConsolidate compiler generated dependencies of target visual_params[0m
[10.972s] [35m[1mConsolidate compiler generated dependencies of target husky_test[0m
[10.973s] [35m[1mConsolidate compiler generated dependencies of target variable_stiffness_example[0m
[10.977s] [35m[1mConsolidate compiler generated dependencies of target visual_test[0m
[10.977s] [35m[1mConsolidate compiler generated dependencies of target shear_test[0m
[10.977s] [35m[1mConsolidate compiler generated dependencies of target rhex_test[0m
[10.977s] [35m[1mConsolidate compiler generated dependencies of target probe_test[0m
[10.977s] [35m[1mConsolidate compiler generated dependencies of target spirit_grab_values[0m
[10.977s] [35m[1mConsolidate compiler generated dependencies of target rover_test[0m
[10.977s] [35m[1mConsolidate compiler generated dependencies of target spirit_example[0m
[10.977s] [35m[1mConsolidate compiler generated dependencies of target hero_video[0m
[10.977s] [35m[1mConsolidate compiler generated dependencies of target spirit_experiment[0m
[10.977s] [35m[1mConsolidate compiler generated dependencies of target spirit_test[0m
[10.978s] [35m[1mConsolidate compiler generated dependencies of target spirit_calibration[0m
[10.978s] [35m[1mConsolidate compiler generated dependencies of target rover_example[0m
[10.993s] [ 21%] [32mBuilding CXX object CMakeFiles/docking.dir/src/active_development/docking.cpp.o[0m
[11.009s] [ 24%] [32mBuilding CXX object CMakeFiles/shear_test.dir/src/active_development/shear_test.cpp.o[0m
[11.010s] [ 26%] [32mBuilding CXX object CMakeFiles/visual_params.dir/src/active_development/visual_params.cpp.o[0m
[11.010s] [ 26%] [32m[1mLinking CXX executable husky_test[0m
[11.010s] [ 30%] [32m[1mLinking CXX executable rover_test[0m
[11.010s] [ 30%] [32mBuilding CXX object CMakeFiles/visual_test.dir/src/active_development/visual_test.cpp.o[0m
[11.010s] [ 30%] [32mBuilding CXX object CMakeFiles/variable_stiffness_example.dir/src/examples/variable_stiffness_example.cpp.o[0m
[11.012s] [ 35%] [32mBuilding CXX object CMakeFiles/probe_test.dir/src/active_development/probe_test.cpp.o[0m
[11.012s] [ 35%] [32mBuilding CXX object CMakeFiles/rhex_test.dir/src/active_development/rhex_test.cpp.o[0m
[11.013s] [ 35%] [32m[1mLinking CXX executable spirit_test[0m
[11.013s] [ 35%] [32m[1mLinking CXX executable rover_example[0m
[11.015s] [ 36%] [32mBuilding CXX object CMakeFiles/spirit_grab_values.dir/src/active_development/spirit_grab_values.cpp.o[0m
[11.015s] [ 38%] [32m[1mLinking CXX executable spirit_example[0m
[11.015s] [ 39%] [32mBuilding CXX object CMakeFiles/spirit_experiment.dir/src/active_development/spirit_experiment.cpp.o[0m
[11.015s] [ 41%] [32mBuilding CXX object CMakeFiles/spirit_calibration.dir/src/experiments/spirit_calibration.cpp.o[0m
[11.018s] [ 42%] [32mBuilding CXX object CMakeFiles/hero_video.dir/src/active_development/hero_video.cpp.o[0m
[28.672s] [ 43%] [32m[1mLinking CXX executable spirit_calibration[0m
[29.019s] [ 45%] [32m[1mLinking CXX executable variable_stiffness_example[0m
[29.515s] [ 46%] [32m[1mLinking CXX executable spirit_experiment[0m
[29.533s] [ 47%] [32m[1mLinking CXX executable docking[0m
[29.963s] [ 49%] [32m[1mLinking CXX executable rhex_test[0m
[30.019s] [ 50%] [32m[1mLinking CXX executable visual_test[0m
[30.297s] [ 52%] [32m[1mLinking CXX executable shear_test[0m
[30.524s] [ 53%] [32m[1mLinking CXX executable probe_test[0m
[30.559s] [ 54%] [32m[1mLinking CXX executable hero_video[0m
[30.707s] [ 56%] [32m[1mLinking CXX executable visual_params[0m
[30.867s] [ 57%] [32m[1mLinking CXX executable spirit_grab_values[0m
[45.057s] [ 60%] Built target rover_example
[45.058s] [ 60%] Built target spirit_test
[45.069s] [ 61%] Built target spirit_example
[45.088s] [35m[1mConsolidate compiler generated dependencies of target spirit_3truss[0m
[45.089s] [35m[1mConsolidate compiler generated dependencies of target spirit_calibration_zero_grav[0m
[45.104s] [35m[1mConsolidate compiler generated dependencies of target 2spirit_5truss_planner[0m
[45.147s] [ 63%] [32mBuilding CXX object CMakeFiles/spirit_calibration_zero_grav.dir/src/experiments/spirit_calibration_zero_grav.cpp.o[0m
[45.154s] [ 65%] [32mBuilding CXX object CMakeFiles/2spirit_5truss_planner.dir/src/experiments/2spirit_5truss_planner.cpp.o[0m
[45.155s] [ 65%] [32mBuilding CXX object CMakeFiles/spirit_3truss.dir/src/experiments/spirit_3truss.cpp.o[0m
[45.266s] [ 67%] Built target rover_test
[45.299s] [35m[1mConsolidate compiler generated dependencies of target spirit_force_calibration[0m
[45.366s] [ 68%] [32mBuilding CXX object CMakeFiles/spirit_force_calibration.dir/src/experiments/spirit_force_calibration.cpp.o[0m
[45.414s] [ 69%] Built target husky_test
[45.450s] [35m[1mConsolidate compiler generated dependencies of target spirit_force_calibration_stepped_model_verification[0m
[45.513s] [ 71%] [32mBuilding CXX object CMakeFiles/spirit_force_calibration_stepped_model_verification.dir/src/experiments/spirit_force_calibration_stepped_model_verification.cpp.o[0m
[70.622s] [ 71%] Built target spirit_calibration
[70.650s] [35m[1mConsolidate compiler generated dependencies of target 1spirit_2truss_model_verification[0m
[70.675s] [ 71%] Built target variable_stiffness_example
[70.701s] [ 72%] [32mBuilding CXX object CMakeFiles/1spirit_2truss_model_verification.dir/src/experiments/1spirit_2truss_model_verification.cpp.o[0m
[70.702s] [35m[1mConsolidate compiler generated dependencies of target 3spirit_3truss_model_verification[0m
[70.752s] [ 73%] [32mBuilding CXX object CMakeFiles/3spirit_3truss_model_verification.dir/src/experiments/3spirit_3truss_model_verification.cpp.o[0m
[70.895s] [ 73%] Built target probe_test
[70.912s] [35m[1mConsolidate compiler generated dependencies of target 1spirit_1truss_planner[0m
[70.953s] [ 75%] [32mBuilding CXX object CMakeFiles/1spirit_1truss_planner.dir/src/experiments/1spirit_1truss_planner.cpp.o[0m
[71.090s] [ 75%] Built target shear_test
[71.118s] [35m[1mConsolidate compiler generated dependencies of target 1spirit_2truss_planner[0m
[71.169s] [ 76%] [32mBuilding CXX object CMakeFiles/1spirit_2truss_planner.dir/src/experiments/1spirit_2truss_planner.cpp.o[0m
[71.197s] [ 78%] [32m[1mLinking CXX executable spirit_force_calibration_stepped_model_verification[0m
[71.372s] [ 79%] [32m[1mLinking CXX executable 2spirit_5truss_planner[0m
[71.384s] [ 79%] Built target rhex_test
[71.406s] [35m[1mConsolidate compiler generated dependencies of target 1spirit_3truss_planner[0m
[71.437s] [ 80%] [32m[1mLinking CXX executable spirit_3truss[0m
[71.456s] [ 82%] [32mBuilding CXX object CMakeFiles/1spirit_3truss_planner.dir/src/experiments/1spirit_3truss_planner.cpp.o[0m
[71.474s] [ 82%] Built target docking
[71.494s] [ 82%] Built target visual_test
[71.498s] [35m[1mConsolidate compiler generated dependencies of target 3spirit_3truss_planner[0m
[71.528s] [35m[1mConsolidate compiler generated dependencies of target 3spirit_2truss_planner[0m
[71.548s] [ 83%] [32mBuilding CXX object CMakeFiles/3spirit_3truss_planner.dir/src/experiments/3spirit_3truss_planner.cpp.o[0m
[71.575s] [ 84%] [32mBuilding CXX object CMakeFiles/3spirit_2truss_planner.dir/src/experiments/3spirit_2truss_planner.cpp.o[0m
[71.671s] [ 86%] [32m[1mLinking CXX executable spirit_calibration_zero_grav[0m
[71.787s] [ 86%] Built target spirit_experiment
[71.815s] [35m[1mConsolidate compiler generated dependencies of target 4spirit_3truss_planner[0m
[71.862s] [ 87%] [32mBuilding CXX object CMakeFiles/4spirit_3truss_planner.dir/src/experiments/4spirit_3truss_planner.cpp.o[0m
[71.887s] [ 89%] [32m[1mLinking CXX executable spirit_force_calibration[0m
[71.939s] [ 89%] Built target visual_params
[72.718s] [ 89%] Built target spirit_grab_values
[73.000s] [ 89%] Built target hero_video
[88.614s] [ 90%] [32m[1mLinking CXX executable 1spirit_3truss_planner[0m
[89.038s] [ 91%] [32m[1mLinking CXX executable 3spirit_2truss_planner[0m
[90.060s] [ 93%] [32m[1mLinking CXX executable 1spirit_2truss_model_verification[0m
[90.368s] [ 94%] [32m[1mLinking CXX executable 3spirit_3truss_model_verification[0m
[90.387s] [ 95%] [32m[1mLinking CXX executable 1spirit_1truss_planner[0m
[90.452s] [ 97%] [32m[1mLinking CXX executable 3spirit_3truss_planner[0m
[91.662s] [ 98%] [32m[1mLinking CXX executable 1spirit_2truss_planner[0m
[92.309s] [100%] [32m[1mLinking CXX executable 4spirit_3truss_planner[0m
[95.662s] [100%] Built target spirit_force_calibration
[96.588s] [100%] Built target 2spirit_5truss_planner
[96.835s] [100%] Built target spirit_force_calibration_stepped_model_verification
[100.657s] [100%] Built target spirit_3truss
[101.664s] [100%] Built target spirit_calibration_zero_grav
[116.695s] [100%] Built target 1spirit_2truss_model_verification
[117.045s] [100%] Built target 1spirit_1truss_planner
[117.172s] [100%] Built target 1spirit_3truss_planner
[117.192s] [100%] Built target 3spirit_2truss_planner
[117.303s] [100%] Built target 3spirit_3truss_model_verification
[117.504s] [100%] Built target 1spirit_2truss_planner
[117.574s] [100%] Built target 4spirit_3truss_planner
[117.908s] [100%] Built target 3spirit_3truss_planner
[117.921s] Invoked command in '/home/blor/ros2_ws2/build/chrono_sim' returned '0': CMAKE_PREFIX_PATH=${CMAKE_PREFIX_PATH}:/opt/ros/humble /usr/bin/cmake --build /home/blor/ros2_ws2/build/chrono_sim -- -j16 -l16
[118.089s] Invoking command in '/home/blor/ros2_ws2/build/chrono_sim': CMAKE_PREFIX_PATH=${CMAKE_PREFIX_PATH}:/opt/ros/humble /usr/bin/cmake --install /home/blor/ros2_ws2/build/chrono_sim
[118.096s] -- Install configuration: ""
[118.099s] -- Installing: /home/blor/ros2_ws2/install/chrono_sim/lib/libsim_tools.so
[118.108s] -- Installing: /home/blor/ros2_ws2/src/chrono_sim/bin/spirit_example
[118.108s] -- Set runtime path of "/home/blor/ros2_ws2/src/chrono_sim/bin/spirit_example" to "/home/blor/ros2_ws2/install/chrono_sim/lib"
[118.109s] -- Installing: /home/blor/ros2_ws2/src/chrono_sim/bin/rover_example
[118.110s] -- Set runtime path of "/home/blor/ros2_ws2/src/chrono_sim/bin/rover_example" to "/home/blor/ros2_ws2/install/chrono_sim/lib"
[118.110s] -- Installing: /home/blor/ros2_ws2/src/chrono_sim/bin/variable_stiffness_example
[118.111s] -- Set runtime path of "/home/blor/ros2_ws2/src/chrono_sim/bin/variable_stiffness_example" to "/home/blor/ros2_ws2/install/chrono_sim/lib"
[118.112s] -- Installing: /home/blor/ros2_ws2/src/chrono_sim/bin/visual_test
[118.112s] -- Set runtime path of "/home/blor/ros2_ws2/src/chrono_sim/bin/visual_test" to "/home/blor/ros2_ws2/install/chrono_sim/lib"
[118.113s] -- Installing: /home/blor/ros2_ws2/src/chrono_sim/bin/visual_params
[118.114s] -- Set runtime path of "/home/blor/ros2_ws2/src/chrono_sim/bin/visual_params" to "/home/blor/ros2_ws2/install/chrono_sim/lib"
[118.115s] -- Installing: /home/blor/ros2_ws2/src/chrono_sim/bin/husky_test
[118.115s] -- Set runtime path of "/home/blor/ros2_ws2/src/chrono_sim/bin/husky_test" to "/home/blor/ros2_ws2/install/chrono_sim/lib"
[118.116s] -- Installing: /home/blor/ros2_ws2/src/chrono_sim/bin/rover_test
[118.117s] -- Set runtime path of "/home/blor/ros2_ws2/src/chrono_sim/bin/rover_test" to "/home/blor/ros2_ws2/install/chrono_sim/lib"
[118.117s] -- Installing: /home/blor/ros2_ws2/src/chrono_sim/bin/rhex_test
[118.118s] -- Set runtime path of "/home/blor/ros2_ws2/src/chrono_sim/bin/rhex_test" to "/home/blor/ros2_ws2/install/chrono_sim/lib"
[118.119s] -- Installing: /home/blor/ros2_ws2/src/chrono_sim/bin/shear_test
[118.120s] -- Set runtime path of "/home/blor/ros2_ws2/src/chrono_sim/bin/shear_test" to "/home/blor/ros2_ws2/install/chrono_sim/lib"
[118.120s] -- Installing: /home/blor/ros2_ws2/src/chrono_sim/bin/probe_test
[118.122s] -- Set runtime path of "/home/blor/ros2_ws2/src/chrono_sim/bin/probe_test" to "/home/blor/ros2_ws2/install/chrono_sim/lib"
[118.122s] -- Installing: /home/blor/ros2_ws2/src/chrono_sim/bin/spirit_grab_values
[118.124s] -- Set runtime path of "/home/blor/ros2_ws2/src/chrono_sim/bin/spirit_grab_values" to "/home/blor/ros2_ws2/install/chrono_sim/lib"
[118.124s] -- Installing: /home/blor/ros2_ws2/src/chrono_sim/bin/spirit_experiment
[118.125s] -- Set runtime path of "/home/blor/ros2_ws2/src/chrono_sim/bin/spirit_experiment" to "/home/blor/ros2_ws2/install/chrono_sim/lib"
[118.126s] -- Installing: /home/blor/ros2_ws2/src/chrono_sim/bin/hero_video
[118.126s] -- Set runtime path of "/home/blor/ros2_ws2/src/chrono_sim/bin/hero_video" to "/home/blor/ros2_ws2/install/chrono_sim/lib"
[118.127s] -- Installing: /home/blor/ros2_ws2/src/chrono_sim/bin/docking
[118.127s] -- Set runtime path of "/home/blor/ros2_ws2/src/chrono_sim/bin/docking" to "/home/blor/ros2_ws2/install/chrono_sim/lib"
[118.128s] -- Installing: /home/blor/ros2_ws2/src/chrono_sim/bin/spirit_test
[118.129s] -- Set runtime path of "/home/blor/ros2_ws2/src/chrono_sim/bin/spirit_test" to "/home/blor/ros2_ws2/install/chrono_sim/lib"
[118.130s] -- Installing: /home/blor/ros2_ws2/src/chrono_sim/bin/spirit_calibration
[118.130s] -- Set runtime path of "/home/blor/ros2_ws2/src/chrono_sim/bin/spirit_calibration" to "/home/blor/ros2_ws2/install/chrono_sim/lib"
[118.131s] -- Installing: /home/blor/ros2_ws2/src/chrono_sim/bin/spirit_calibration_zero_grav
[118.132s] -- Set runtime path of "/home/blor/ros2_ws2/src/chrono_sim/bin/spirit_calibration_zero_grav" to "/home/blor/ros2_ws2/install/chrono_sim/lib"
[118.133s] -- Installing: /home/blor/ros2_ws2/src/chrono_sim/bin/spirit_3truss
[118.134s] -- Set runtime path of "/home/blor/ros2_ws2/src/chrono_sim/bin/spirit_3truss" to "/home/blor/ros2_ws2/install/chrono_sim/lib"
[118.135s] -- Installing: /home/blor/ros2_ws2/src/chrono_sim/bin/2spirit_5truss_planner
[118.136s] -- Set runtime path of "/home/blor/ros2_ws2/src/chrono_sim/bin/2spirit_5truss_planner" to "/home/blor/ros2_ws2/install/chrono_sim/lib"
[118.137s] -- Installing: /home/blor/ros2_ws2/src/chrono_sim/bin/spirit_force_calibration
[118.138s] -- Set runtime path of "/home/blor/ros2_ws2/src/chrono_sim/bin/spirit_force_calibration" to "/home/blor/ros2_ws2/install/chrono_sim/lib"
[118.139s] -- Installing: /home/blor/ros2_ws2/src/chrono_sim/bin/spirit_force_calibration_stepped_model_verification
[118.140s] -- Set runtime path of "/home/blor/ros2_ws2/src/chrono_sim/bin/spirit_force_calibration_stepped_model_verification" to "/home/blor/ros2_ws2/install/chrono_sim/lib"
[118.141s] -- Installing: /home/blor/ros2_ws2/src/chrono_sim/bin/1spirit_2truss_model_verification
[118.142s] -- Set runtime path of "/home/blor/ros2_ws2/src/chrono_sim/bin/1spirit_2truss_model_verification" to "/home/blor/ros2_ws2/install/chrono_sim/lib"
[118.143s] -- Installing: /home/blor/ros2_ws2/src/chrono_sim/bin/3spirit_3truss_model_verification
[118.144s] -- Set runtime path of "/home/blor/ros2_ws2/src/chrono_sim/bin/3spirit_3truss_model_verification" to "/home/blor/ros2_ws2/install/chrono_sim/lib"
[118.145s] -- Installing: /home/blor/ros2_ws2/src/chrono_sim/bin/1spirit_1truss_planner
[118.146s] -- Set runtime path of "/home/blor/ros2_ws2/src/chrono_sim/bin/1spirit_1truss_planner" to "/home/blor/ros2_ws2/install/chrono_sim/lib"
[118.147s] -- Installing: /home/blor/ros2_ws2/src/chrono_sim/bin/1spirit_2truss_planner
[118.148s] -- Set runtime path of "/home/blor/ros2_ws2/src/chrono_sim/bin/1spirit_2truss_planner" to "/home/blor/ros2_ws2/install/chrono_sim/lib"
[118.149s] -- Installing: /home/blor/ros2_ws2/src/chrono_sim/bin/1spirit_3truss_planner
[118.150s] -- Set runtime path of "/home/blor/ros2_ws2/src/chrono_sim/bin/1spirit_3truss_planner" to "/home/blor/ros2_ws2/install/chrono_sim/lib"
[118.151s] -- Installing: /home/blor/ros2_ws2/src/chrono_sim/bin/3spirit_3truss_planner
[118.152s] -- Set runtime path of "/home/blor/ros2_ws2/src/chrono_sim/bin/3spirit_3truss_planner" to "/home/blor/ros2_ws2/install/chrono_sim/lib"
[118.153s] -- Installing: /home/blor/ros2_ws2/src/chrono_sim/bin/3spirit_2truss_planner
[118.154s] -- Set runtime path of "/home/blor/ros2_ws2/src/chrono_sim/bin/3spirit_2truss_planner" to "/home/blor/ros2_ws2/install/chrono_sim/lib"
[118.155s] -- Installing: /home/blor/ros2_ws2/src/chrono_sim/bin/4spirit_3truss_planner
[118.156s] -- Set runtime path of "/home/blor/ros2_ws2/src/chrono_sim/bin/4spirit_3truss_planner" to "/home/blor/ros2_ws2/install/chrono_sim/lib"
[118.156s] -- Up-to-date: /home/blor/ros2_ws2/install/chrono_sim/share/ament_index/resource_index/package_run_dependencies/chrono_sim
[118.156s] -- Up-to-date: /home/blor/ros2_ws2/install/chrono_sim/share/ament_index/resource_index/parent_prefix_path/chrono_sim
[118.157s] -- Up-to-date: /home/blor/ros2_ws2/install/chrono_sim/share/chrono_sim/environment/ament_prefix_path.sh
[118.157s] -- Installing: /home/blor/ros2_ws2/install/chrono_sim/share/chrono_sim/environment/ament_prefix_path.dsv
[118.157s] -- Up-to-date: /home/blor/ros2_ws2/install/chrono_sim/share/chrono_sim/environment/path.sh
[118.157s] -- Installing: /home/blor/ros2_ws2/install/chrono_sim/share/chrono_sim/environment/path.dsv
[118.157s] -- Up-to-date: /home/blor/ros2_ws2/install/chrono_sim/share/chrono_sim/local_setup.bash
[118.157s] -- Up-to-date: /home/blor/ros2_ws2/install/chrono_sim/share/chrono_sim/local_setup.sh
[118.157s] -- Up-to-date: /home/blor/ros2_ws2/install/chrono_sim/share/chrono_sim/local_setup.zsh
[118.157s] -- Installing: /home/blor/ros2_ws2/install/chrono_sim/share/chrono_sim/local_setup.dsv
[118.157s] -- Installing: /home/blor/ros2_ws2/install/chrono_sim/share/chrono_sim/package.dsv
[118.157s] -- Up-to-date: /home/blor/ros2_ws2/install/chrono_sim/share/ament_index/resource_index/packages/chrono_sim
[118.157s] -- Up-to-date: /home/blor/ros2_ws2/install/chrono_sim/share/chrono_sim/cmake/chrono_simConfig.cmake
[118.158s] -- Up-to-date: /home/blor/ros2_ws2/install/chrono_sim/share/chrono_sim/cmake/chrono_simConfig-version.cmake
[118.158s] -- Up-to-date: /home/blor/ros2_ws2/install/chrono_sim/share/chrono_sim/package.xml
[118.160s] Invoked command in '/home/blor/ros2_ws2/build/chrono_sim' returned '0': CMAKE_PREFIX_PATH=${CMAKE_PREFIX_PATH}:/opt/ros/humble /usr/bin/cmake --install /home/blor/ros2_ws2/build/chrono_sim
