[01m[K/home/blor/ros2_ws2/src/chrono_sim/src/active_development/docking.cpp:[m[K In function ‘[01m[Kint main(int, char**)[m[K’:
[01m[K/home/blor/ros2_ws2/src/chrono_sim/src/active_development/docking.cpp:16:21:[m[K [01;31m[Kerror: [m[Kcannot convert ‘[01m[Kchrono::ChVector2<double>[m[K’ to ‘[01m[Kconst chrono::ChVector3<double>&[m[K’
   16 |     spirit1->SetPos([01;31m[KChVector2<>(0, 0)[m[K);  // Position of spirit 1 in 2D
      |                     [01;31m[K^~~~~~~~~~~~~~~~~[m[K
      |                     [01;31m[K|[m[K
      |                     [01;31m[Kchrono::ChVector2<double>[m[K
In file included from [01m[K/usr/local/include/chrono/physics/ChSystem.h:27[m[K,
                 from [01m[K/usr/local/include/chrono/physics/ChSystemNSC.h:23[m[K,
                 from [01m[K/home/blor/ros2_ws2/src/chrono_sim/src/active_development/docking.cpp:1[m[K:
[01m[K/usr/local/include/chrono/core/ChFrame.h:208:40:[m[K [01;36m[Knote: [m[K  initializing argument 1 of ‘[01m[Kvoid chrono::ChFrame<Real>::SetPos(const chrono::ChVector3<Real>&) [with Real = double][m[K’
  208 |     void SetPos([01;36m[Kconst ChVector3<Real>& pos[m[K) { m_csys.pos = pos; }
      |                 [01;36m[K~~~~~~~~~~~~~~~~~~~~~~~^~~[m[K
[01m[K/home/blor/ros2_ws2/src/chrono_sim/src/active_development/docking.cpp:20:21:[m[K [01;31m[Kerror: [m[Kcannot convert ‘[01m[Kchrono::ChVector2<double>[m[K’ to ‘[01m[Kconst chrono::ChVector3<double>&[m[K’
   20 |     spirit2->SetPos([01;31m[KChVector2<>(5, 0)[m[K);  // Position of spirit 2 in 2D
      |                     [01;31m[K^~~~~~~~~~~~~~~~~[m[K
      |                     [01;31m[K|[m[K
      |                     [01;31m[Kchrono::ChVector2<double>[m[K
In file included from [01m[K/usr/local/include/chrono/physics/ChSystem.h:27[m[K,
                 from [01m[K/usr/local/include/chrono/physics/ChSystemNSC.h:23[m[K,
                 from [01m[K/home/blor/ros2_ws2/src/chrono_sim/src/active_development/docking.cpp:1[m[K:
[01m[K/usr/local/include/chrono/core/ChFrame.h:208:40:[m[K [01;36m[Knote: [m[K  initializing argument 1 of ‘[01m[Kvoid chrono::ChFrame<Real>::SetPos(const chrono::ChVector3<Real>&) [with Real = double][m[K’
  208 |     void SetPos([01;36m[Kconst ChVector3<Real>& pos[m[K) { m_csys.pos = pos; }
      |                 [01;36m[K~~~~~~~~~~~~~~~~~~~~~~~^~~[m[K
[01m[K/home/blor/ros2_ws2/src/chrono_sim/src/active_development/docking.cpp:25:11:[m[K [01;31m[Kerror: [m[K‘[01m[Kusing element_type = class chrono::ChLinkMate[m[K’ {aka ‘[01m[Kclass chrono::ChLinkMate[m[K’} has no member named ‘[01m[KInitialize[m[K’
   25 |     arm1->[01;31m[KInitialize[m[K(spirit1, spirit2, true, ChVector2<>(2, 0), ChVector2<>(2, 0));
      |           [01;31m[K^~~~~~~~~~[m[K
In file included from [01m[K/usr/include/x86_64-linux-gnu/c++/11/bits/c++allocator.h:33[m[K,
                 from [01m[K/usr/include/c++/11/bits/allocator.h:46[m[K,
                 from [01m[K/usr/include/c++/11/memory:64[m[K,
                 from [01m[K/usr/local/include/chrono/physics/ChSystem.h:19[m[K,
                 from [01m[K/usr/local/include/chrono/physics/ChSystemNSC.h:23[m[K,
                 from [01m[K/home/blor/ros2_ws2/src/chrono_sim/src/active_development/docking.cpp:1[m[K:
/usr/include/c++/11/ext/new_allocator.h: In instantiation of ‘[01m[Kvoid __gnu_cxx::new_allocator<_Tp>::construct(_Up*, _Args&& ...) [with _Up = chrono::ChLinkMate; _Args = {}; _Tp = chrono::ChLinkMate][m[K’:
[01m[K/usr/include/c++/11/bits/alloc_traits.h:516:17:[m[K   required from ‘[01m[Kstatic void std::allocator_traits<std::allocator<_Tp1> >::construct(std::allocator_traits<std::allocator<_Tp1> >::allocator_type&, _Up*, _Args&& ...) [with _Up = chrono::ChLinkMate; _Args = {}; _Tp = chrono::ChLinkMate; std::allocator_traits<std::allocator<_Tp1> >::allocator_type = std::allocator<chrono::ChLinkMate>][m[K’
[01m[K/usr/include/c++/11/bits/shared_ptr_base.h:519:39:[m[K   required from ‘[01m[Kstd::_Sp_counted_ptr_inplace<_Tp, _Alloc, _Lp>::_Sp_counted_ptr_inplace(_Alloc, _Args&& ...) [with _Args = {}; _Tp = chrono::ChLinkMate; _Alloc = std::allocator<chrono::ChLinkMate>; __gnu_cxx::_Lock_policy _Lp = __gnu_cxx::_S_atomic][m[K’
[01m[K/usr/include/c++/11/bits/shared_ptr_base.h:650:16:[m[K   required from ‘[01m[Kstd::__shared_count<_Lp>::__shared_count(_Tp*&, std::_Sp_alloc_shared_tag<_Alloc>, _Args&& ...) [with _Tp = chrono::ChLinkMate; _Alloc = std::allocator<chrono::ChLinkMate>; _Args = {}; __gnu_cxx::_Lock_policy _Lp = __gnu_cxx::_S_atomic][m[K’
[01m[K/usr/include/c++/11/bits/shared_ptr_base.h:1342:14:[m[K   required from ‘[01m[Kstd::__shared_ptr<_Tp, _Lp>::__shared_ptr(std::_Sp_alloc_shared_tag<_Tp>, _Args&& ...) [with _Alloc = std::allocator<chrono::ChLinkMate>; _Args = {}; _Tp = chrono::ChLinkMate; __gnu_cxx::_Lock_policy _Lp = __gnu_cxx::_S_atomic][m[K’
[01m[K/usr/include/c++/11/bits/shared_ptr.h:409:59:[m[K   required from ‘[01m[Kstd::shared_ptr<_Tp>::shared_ptr(std::_Sp_alloc_shared_tag<_Tp>, _Args&& ...) [with _Alloc = std::allocator<chrono::ChLinkMate>; _Args = {}; _Tp = chrono::ChLinkMate][m[K’
[01m[K/usr/include/c++/11/bits/shared_ptr.h:862:14:[m[K   required from ‘[01m[Kstd::shared_ptr<_Tp> std::allocate_shared(const _Alloc&, _Args&& ...) [with _Tp = chrono::ChLinkMate; _Alloc = std::allocator<chrono::ChLinkMate>; _Args = {}][m[K’
[01m[K/usr/include/c++/11/bits/shared_ptr.h:878:39:[m[K   required from ‘[01m[Kstd::shared_ptr<_Tp> std::make_shared(_Args&& ...) [with _Tp = chrono::ChLinkMate; _Args = {}][m[K’
[01m[K/home/blor/ros2_ws2/src/chrono_sim/src/active_development/docking.cpp:24:45:[m[K   required from here
[01m[K/usr/include/c++/11/ext/new_allocator.h:162:11:[m[K [01;31m[Kerror: [m[Kinvalid new-expression of abstract class type ‘[01m[Kchrono::ChLinkMate[m[K’
  162 |         { [01;31m[K::new((void *)__p) _Up(std::forward<_Args>(__args)...)[m[K; }
      |           [01;31m[K^~~~~~~~~~~~~~~~~~~~~~~~~~~~~~~~~~~~~~~~~~~~~~~~~~~~~~[m[K
In file included from [01m[K/home/blor/ros2_ws2/src/chrono_sim/src/active_development/docking.cpp:3[m[K:
[01m[K/usr/local/include/chrono/physics/ChLinkMate.h:28:13:[m[K [01;36m[Knote: [m[K  because the following virtual functions are pure within ‘[01m[Kchrono::ChLinkMate[m[K’:
   28 | class ChApi [01;36m[KChLinkMate[m[K : public ChLink {
      |             [01;36m[K^~~~~~~~~~[m[K
In file included from [01m[K/usr/local/include/chrono/physics/ChLinksAll.h:20[m[K,
                 from [01m[K/usr/local/include/chrono/physics/ChAssembly.h:24[m[K,
                 from [01m[K/usr/local/include/chrono/physics/ChSystem.h:31[m[K,
                 from [01m[K/usr/local/include/chrono/physics/ChSystemNSC.h:23[m[K,
                 from [01m[K/home/blor/ros2_ws2/src/chrono_sim/src/active_development/docking.cpp:1[m[K:
[01m[K/usr/local/include/chrono/physics/ChLink.h:46:22:[m[K [01;36m[Knote: [m[K    ‘[01m[Kvirtual chrono::ChFramed chrono::ChLink::GetFrame1Rel() const[m[K’
   46 |     virtual ChFramed [01;36m[KGetFrame1Rel[m[K() const = 0;
      |                      [01;36m[K^~~~~~~~~~~~[m[K
[01m[K/usr/local/include/chrono/physics/ChLink.h:49:22:[m[K [01;36m[Knote: [m[K    ‘[01m[Kvirtual chrono::ChFramed chrono::ChLink::GetFrame2Rel() const[m[K’
   49 |     virtual ChFramed [01;36m[KGetFrame2Rel[m[K() const = 0;
      |                      [01;36m[K^~~~~~~~~~~~[m[K
gmake[2]: *** [CMakeFiles/docking.dir/build.make:76: CMakeFiles/docking.dir/src/active_development/docking.cpp.o] Error 1
gmake[1]: *** [CMakeFiles/Makefile2:559: CMakeFiles/docking.dir/all] Error 2
gmake: *** [Makefile:146: all] Error 2
