[0.116s] DEBUG:colcon:Command line arguments: ['/usr/bin/colcon', 'build']
[0.116s] DEBUG:colcon:Parsed command line arguments: Namespace(log_base=None, log_level=None, verb_name='build', build_base='build', install_base='install', merge_install=False, symlink_install=False, test_result_base=None, continue_on_error=False, executor='parallel', parallel_workers=16, event_handlers=None, ignore_user_meta=False, metas=['./colcon.meta'], base_paths=['.'], packages_ignore=None, packages_ignore_regex=None, paths=None, packages_up_to=None, packages_up_to_regex=None, packages_above=None, packages_above_and_dependencies=None, packages_above_depth=None, packages_select_by_dep=None, packages_skip_by_dep=None, packages_skip_up_to=None, packages_select_build_failed=False, packages_skip_build_finished=False, packages_select_test_failures=False, packages_skip_test_passed=False, packages_select=None, packages_skip=None, packages_select_regex=None, packages_skip_regex=None, packages_start=None, packages_end=None, allow_overriding=[], cmake_args=None, cmake_target=None, cmake_target_skip_unavailable=False, cmake_clean_cache=False, cmake_clean_first=False, cmake_force_configure=False, ament_cmake_args=None, catkin_cmake_args=None, catkin_skip_building_tests=False, mixin_files=None, mixin=None, verb_parser=<colcon_mixin.mixin.mixin_argument.MixinArgumentDecorator object at 0x743edf5065c0>, verb_extension=<colcon_core.verb.build.BuildVerb object at 0x743edf505720>, main=<bound method BuildVerb.main of <colcon_core.verb.build.BuildVerb object at 0x743edf505720>>, mixin_verb=('build',))
[0.296s] Level 1:colcon.colcon_core.package_discovery:discover_packages(colcon_meta) check parameters
[0.296s] Level 1:colcon.colcon_core.package_discovery:discover_packages(recursive) check parameters
[0.296s] Level 1:colcon.colcon_core.package_discovery:discover_packages(ignore) check parameters
[0.296s] Level 1:colcon.colcon_core.package_discovery:discover_packages(path) check parameters
[0.296s] Level 1:colcon.colcon_core.package_discovery:discover_packages(colcon_meta) discover
[0.296s] Level 1:colcon.colcon_core.package_discovery:discover_packages(recursive) discover
[0.296s] INFO:colcon.colcon_core.package_discovery:Crawling recursively for packages in '/home/blor/ros2_ws2/src'
[0.296s] Level 1:colcon.colcon_core.package_identification:_identify(.) by extensions ['ignore', 'ignore_ament_install']
[0.297s] Level 1:colcon.colcon_core.package_identification:_identify(.) by extension 'ignore'
[0.297s] Level 1:colcon.colcon_core.package_identification:_identify(.) by extension 'ignore_ament_install'
[0.297s] Level 1:colcon.colcon_core.package_identification:_identify(.) by extensions ['colcon_pkg']
[0.297s] Level 1:colcon.colcon_core.package_identification:_identify(.) by extension 'colcon_pkg'
[0.297s] Level 1:colcon.colcon_core.package_identification:_identify(.) by extensions ['colcon_meta']
[0.297s] Level 1:colcon.colcon_core.package_identification:_identify(.) by extension 'colcon_meta'
[0.297s] Level 1:colcon.colcon_core.package_identification:_identify(.) by extensions ['ros']
[0.297s] Level 1:colcon.colcon_core.package_identification:_identify(.) by extension 'ros'
[0.308s] Level 1:colcon.colcon_core.package_identification:_identify(.) by extensions ['cmake', 'python']
[0.309s] Level 1:colcon.colcon_core.package_identification:_identify(.) by extension 'cmake'
[0.309s] Level 1:colcon.colcon_core.package_identification:_identify(.) by extension 'python'
[0.309s] Level 1:colcon.colcon_core.package_identification:_identify(.) by extensions ['python_setup_py']
[0.309s] Level 1:colcon.colcon_core.package_identification:_identify(.) by extension 'python_setup_py'
[0.309s] Level 1:colcon.colcon_core.package_identification:_identify(build) by extensions ['ignore', 'ignore_ament_install']
[0.309s] Level 1:colcon.colcon_core.package_identification:_identify(build) by extension 'ignore'
[0.309s] Level 1:colcon.colcon_core.package_identification:_identify(build) ignored
[0.309s] Level 1:colcon.colcon_core.package_identification:_identify(chrono_sim) by extensions ['ignore', 'ignore_ament_install']
[0.309s] Level 1:colcon.colcon_core.package_identification:_identify(chrono_sim) by extension 'ignore'
[0.309s] Level 1:colcon.colcon_core.package_identification:_identify(chrono_sim) by extension 'ignore_ament_install'
[0.309s] Level 1:colcon.colcon_core.package_identification:_identify(chrono_sim) by extensions ['colcon_pkg']
[0.309s] Level 1:colcon.colcon_core.package_identification:_identify(chrono_sim) by extension 'colcon_pkg'
[0.309s] Level 1:colcon.colcon_core.package_identification:_identify(chrono_sim) by extensions ['colcon_meta']
[0.309s] Level 1:colcon.colcon_core.package_identification:_identify(chrono_sim) by extension 'colcon_meta'
[0.309s] Level 1:colcon.colcon_core.package_identification:_identify(chrono_sim) by extensions ['ros']
[0.309s] Level 1:colcon.colcon_core.package_identification:_identify(chrono_sim) by extension 'ros'
[0.312s] DEBUG:colcon.colcon_core.package_identification:Package 'chrono_sim' with type 'ros.ament_cmake' and name 'chrono_sim'
[0.312s] Level 1:colcon.colcon_core.package_identification:_identify(install) by extensions ['ignore', 'ignore_ament_install']
[0.313s] Level 1:colcon.colcon_core.package_identification:_identify(install) by extension 'ignore'
[0.313s] Level 1:colcon.colcon_core.package_identification:_identify(install) ignored
[0.313s] Level 1:colcon.colcon_core.package_identification:_identify(log) by extensions ['ignore', 'ignore_ament_install']
[0.313s] Level 1:colcon.colcon_core.package_identification:_identify(log) by extension 'ignore'
[0.313s] Level 1:colcon.colcon_core.package_identification:_identify(log) ignored
[0.313s] Level 1:colcon.colcon_core.package_discovery:discover_packages(recursive) using defaults
[0.313s] Level 1:colcon.colcon_core.package_discovery:discover_packages(ignore) discover
[0.313s] Level 1:colcon.colcon_core.package_discovery:discover_packages(ignore) using defaults
[0.313s] Level 1:colcon.colcon_core.package_discovery:discover_packages(path) discover
[0.313s] Level 1:colcon.colcon_core.package_discovery:discover_packages(path) using defaults
[0.333s] Level 1:colcon.colcon_core.package_discovery:discover_packages(prefix_path) check parameters
[0.333s] Level 1:colcon.colcon_core.package_discovery:discover_packages(prefix_path) discover
[0.335s] DEBUG:colcon.colcon_installed_package_information.package_discovery:Found 5 installed packages in /home/blor/ros2_ws/install
[0.336s] DEBUG:colcon.colcon_installed_package_information.package_discovery:Found 4 installed packages in /home/blor/Downloads/turtlebot_gazebo_ws/install
[0.338s] DEBUG:colcon.colcon_installed_package_information.package_discovery:Found 364 installed packages in /opt/ros/humble
[0.355s] Level 1:colcon.colcon_core.package_discovery:discover_packages(prefix_path) using defaults
[0.402s] Level 5:colcon.colcon_core.verb:set package 'chrono_sim' build argument 'cmake_args' from command line to 'None'
[0.402s] Level 5:colcon.colcon_core.verb:set package 'chrono_sim' build argument 'cmake_target' from command line to 'None'
[0.402s] Level 5:colcon.colcon_core.verb:set package 'chrono_sim' build argument 'cmake_target_skip_unavailable' from command line to 'False'
[0.402s] Level 5:colcon.colcon_core.verb:set package 'chrono_sim' build argument 'cmake_clean_cache' from command line to 'False'
[0.402s] Level 5:colcon.colcon_core.verb:set package 'chrono_sim' build argument 'cmake_clean_first' from command line to 'False'
[0.402s] Level 5:colcon.colcon_core.verb:set package 'chrono_sim' build argument 'cmake_force_configure' from command line to 'False'
[0.402s] Level 5:colcon.colcon_core.verb:set package 'chrono_sim' build argument 'ament_cmake_args' from command line to 'None'
[0.402s] Level 5:colcon.colcon_core.verb:set package 'chrono_sim' build argument 'catkin_cmake_args' from command line to 'None'
[0.402s] Level 5:colcon.colcon_core.verb:set package 'chrono_sim' build argument 'catkin_skip_building_tests' from command line to 'False'
[0.402s] DEBUG:colcon.colcon_core.verb:Building package 'chrono_sim' with the following arguments: {'ament_cmake_args': None, 'build_base': '/home/blor/ros2_ws2/src/build/chrono_sim', 'catkin_cmake_args': None, 'catkin_skip_building_tests': False, 'cmake_args': None, 'cmake_clean_cache': False, 'cmake_clean_first': False, 'cmake_force_configure': False, 'cmake_target': None, 'cmake_target_skip_unavailable': False, 'install_base': '/home/blor/ros2_ws2/src/install/chrono_sim', 'merge_install': False, 'path': '/home/blor/ros2_ws2/src/chrono_sim', 'symlink_install': False, 'test_result_base': None}
[0.403s] INFO:colcon.colcon_core.executor:Executing jobs using 'parallel' executor
[0.404s] DEBUG:colcon.colcon_parallel_executor.executor.parallel:run_until_complete
[0.404s] INFO:colcon.colcon_ros.task.ament_cmake.build:Building ROS package in '/home/blor/ros2_ws2/src/chrono_sim' with build type 'ament_cmake'
[0.404s] INFO:colcon.colcon_cmake.task.cmake.build:Building CMake package in '/home/blor/ros2_ws2/src/chrono_sim'
[0.406s] INFO:colcon.colcon_core.plugin_system:Skipping extension 'colcon_core.shell.bat': Not used on non-Windows systems
[0.406s] INFO:colcon.colcon_core.shell:Skip shell extension 'powershell' for command environment: Not usable outside of PowerShell
[0.406s] DEBUG:colcon.colcon_core.shell:Skip shell extension 'dsv' for command environment
[0.418s] DEBUG:colcon.colcon_core.event_handler.log_command:Invoking command in '/home/blor/ros2_ws2/src/build/chrono_sim': CMAKE_PREFIX_PATH=${CMAKE_PREFIX_PATH}:/opt/ros/humble /usr/bin/cmake /home/blor/ros2_ws2/src/chrono_sim -DCMAKE_INSTALL_PREFIX=/home/blor/ros2_ws2/src/install/chrono_sim
[2.235s] DEBUG:colcon.colcon_core.event_handler.log_command:Invoked command in '/home/blor/ros2_ws2/src/build/chrono_sim' returned '0': CMAKE_PREFIX_PATH=${CMAKE_PREFIX_PATH}:/opt/ros/humble /usr/bin/cmake /home/blor/ros2_ws2/src/chrono_sim -DCMAKE_INSTALL_PREFIX=/home/blor/ros2_ws2/src/install/chrono_sim
[2.238s] DEBUG:colcon.colcon_core.event_handler.log_command:Invoking command in '/home/blor/ros2_ws2/src/build/chrono_sim': CMAKE_PREFIX_PATH=${CMAKE_PREFIX_PATH}:/opt/ros/humble /usr/bin/cmake --build /home/blor/ros2_ws2/src/build/chrono_sim -- -j16 -l16
[136.877s] DEBUG:colcon.colcon_core.event_handler.log_command:Invoked command in '/home/blor/ros2_ws2/src/build/chrono_sim' returned '0': CMAKE_PREFIX_PATH=${CMAKE_PREFIX_PATH}:/opt/ros/humble /usr/bin/cmake --build /home/blor/ros2_ws2/src/build/chrono_sim -- -j16 -l16
[137.064s] DEBUG:colcon.colcon_core.event_handler.log_command:Invoking command in '/home/blor/ros2_ws2/src/build/chrono_sim': CMAKE_PREFIX_PATH=${CMAKE_PREFIX_PATH}:/opt/ros/humble /usr/bin/cmake --install /home/blor/ros2_ws2/src/build/chrono_sim
[137.124s] Level 1:colcon.colcon_core.environment:create_environment_scripts_only(chrono_sim)
[137.130s] DEBUG:colcon.colcon_core.event_handler.log_command:Invoked command in '/home/blor/ros2_ws2/src/build/chrono_sim' returned '0': CMAKE_PREFIX_PATH=${CMAKE_PREFIX_PATH}:/opt/ros/humble /usr/bin/cmake --install /home/blor/ros2_ws2/src/build/chrono_sim
[137.147s] Level 1:colcon.colcon_core.environment:checking '/home/blor/ros2_ws2/src/install/chrono_sim' for CMake module files
[137.149s] Level 1:colcon.colcon_core.environment:checking '/home/blor/ros2_ws2/src/install/chrono_sim' for CMake config files
[137.149s] Level 1:colcon.colcon_core.shell:create_environment_hook('chrono_sim', 'cmake_prefix_path')
[137.151s] INFO:colcon.colcon_core.shell:Creating environment hook '/home/blor/ros2_ws2/src/install/chrono_sim/share/chrono_sim/hook/cmake_prefix_path.ps1'
[137.156s] INFO:colcon.colcon_core.shell:Creating environment descriptor '/home/blor/ros2_ws2/src/install/chrono_sim/share/chrono_sim/hook/cmake_prefix_path.dsv'
[137.157s] INFO:colcon.colcon_core.shell:Creating environment hook '/home/blor/ros2_ws2/src/install/chrono_sim/share/chrono_sim/hook/cmake_prefix_path.sh'
[137.160s] Level 1:colcon.colcon_core.environment:checking '/home/blor/ros2_ws2/src/install/chrono_sim/lib'
[137.160s] Level 1:colcon.colcon_core.shell:create_environment_hook('chrono_sim', 'ld_library_path_lib')
[137.160s] INFO:colcon.colcon_core.shell:Creating environment hook '/home/blor/ros2_ws2/src/install/chrono_sim/share/chrono_sim/hook/ld_library_path_lib.ps1'
[137.161s] INFO:colcon.colcon_core.shell:Creating environment descriptor '/home/blor/ros2_ws2/src/install/chrono_sim/share/chrono_sim/hook/ld_library_path_lib.dsv'
[137.161s] INFO:colcon.colcon_core.shell:Creating environment hook '/home/blor/ros2_ws2/src/install/chrono_sim/share/chrono_sim/hook/ld_library_path_lib.sh'
[137.162s] Level 1:colcon.colcon_core.environment:checking '/home/blor/ros2_ws2/src/install/chrono_sim/bin'
[137.162s] Level 1:colcon.colcon_core.environment:checking '/home/blor/ros2_ws2/src/install/chrono_sim/lib/pkgconfig/chrono_sim.pc'
[137.164s] Level 1:colcon.colcon_core.environment:checking '/home/blor/ros2_ws2/src/install/chrono_sim/lib/python3.10/site-packages'
[137.164s] Level 1:colcon.colcon_core.environment:checking '/home/blor/ros2_ws2/src/install/chrono_sim/bin'
[137.165s] INFO:colcon.colcon_core.shell:Creating package script '/home/blor/ros2_ws2/src/install/chrono_sim/share/chrono_sim/package.ps1'
[137.167s] INFO:colcon.colcon_core.shell:Creating package descriptor '/home/blor/ros2_ws2/src/install/chrono_sim/share/chrono_sim/package.dsv'
[137.167s] INFO:colcon.colcon_core.shell:Creating package script '/home/blor/ros2_ws2/src/install/chrono_sim/share/chrono_sim/package.sh'
[137.169s] INFO:colcon.colcon_core.shell:Creating package script '/home/blor/ros2_ws2/src/install/chrono_sim/share/chrono_sim/package.bash'
[137.170s] INFO:colcon.colcon_core.shell:Creating package script '/home/blor/ros2_ws2/src/install/chrono_sim/share/chrono_sim/package.zsh'
[137.172s] Level 1:colcon.colcon_core.environment:create_file_with_runtime_dependencies(/home/blor/ros2_ws2/src/install/chrono_sim/share/colcon-core/packages/chrono_sim)
[137.330s] Level 1:colcon.colcon_core.environment:create_environment_scripts_only(chrono_sim)
[137.330s] Level 1:colcon.colcon_core.environment:checking '/home/blor/ros2_ws2/src/install/chrono_sim' for CMake module files
[137.330s] Level 1:colcon.colcon_core.environment:checking '/home/blor/ros2_ws2/src/install/chrono_sim' for CMake config files
[137.330s] Level 1:colcon.colcon_core.shell:create_environment_hook('chrono_sim', 'cmake_prefix_path')
[137.331s] INFO:colcon.colcon_core.shell:Creating environment hook '/home/blor/ros2_ws2/src/install/chrono_sim/share/chrono_sim/hook/cmake_prefix_path.ps1'
[137.331s] INFO:colcon.colcon_core.shell:Creating environment descriptor '/home/blor/ros2_ws2/src/install/chrono_sim/share/chrono_sim/hook/cmake_prefix_path.dsv'
[137.331s] INFO:colcon.colcon_core.shell:Creating environment hook '/home/blor/ros2_ws2/src/install/chrono_sim/share/chrono_sim/hook/cmake_prefix_path.sh'
[137.332s] Level 1:colcon.colcon_core.environment:checking '/home/blor/ros2_ws2/src/install/chrono_sim/lib'
[137.332s] Level 1:colcon.colcon_core.shell:create_environment_hook('chrono_sim', 'ld_library_path_lib')
[137.332s] INFO:colcon.colcon_core.shell:Creating environment hook '/home/blor/ros2_ws2/src/install/chrono_sim/share/chrono_sim/hook/ld_library_path_lib.ps1'
[137.332s] INFO:colcon.colcon_core.shell:Creating environment descriptor '/home/blor/ros2_ws2/src/install/chrono_sim/share/chrono_sim/hook/ld_library_path_lib.dsv'
[137.333s] INFO:colcon.colcon_core.shell:Creating environment hook '/home/blor/ros2_ws2/src/install/chrono_sim/share/chrono_sim/hook/ld_library_path_lib.sh'
[137.333s] Level 1:colcon.colcon_core.environment:checking '/home/blor/ros2_ws2/src/install/chrono_sim/bin'
[137.333s] Level 1:colcon.colcon_core.environment:checking '/home/blor/ros2_ws2/src/install/chrono_sim/lib/pkgconfig/chrono_sim.pc'
[137.333s] Level 1:colcon.colcon_core.environment:checking '/home/blor/ros2_ws2/src/install/chrono_sim/lib/python3.10/site-packages'
[137.334s] Level 1:colcon.colcon_core.environment:checking '/home/blor/ros2_ws2/src/install/chrono_sim/bin'
[137.334s] INFO:colcon.colcon_core.shell:Creating package script '/home/blor/ros2_ws2/src/install/chrono_sim/share/chrono_sim/package.ps1'
[137.334s] INFO:colcon.colcon_core.shell:Creating package descriptor '/home/blor/ros2_ws2/src/install/chrono_sim/share/chrono_sim/package.dsv'
[137.335s] INFO:colcon.colcon_core.shell:Creating package script '/home/blor/ros2_ws2/src/install/chrono_sim/share/chrono_sim/package.sh'
[137.335s] INFO:colcon.colcon_core.shell:Creating package script '/home/blor/ros2_ws2/src/install/chrono_sim/share/chrono_sim/package.bash'
[137.335s] INFO:colcon.colcon_core.shell:Creating package script '/home/blor/ros2_ws2/src/install/chrono_sim/share/chrono_sim/package.zsh'
[137.336s] Level 1:colcon.colcon_core.environment:create_file_with_runtime_dependencies(/home/blor/ros2_ws2/src/install/chrono_sim/share/colcon-core/packages/chrono_sim)
[137.336s] DEBUG:colcon.colcon_parallel_executor.executor.parallel:closing loop
[137.337s] DEBUG:colcon.colcon_parallel_executor.executor.parallel:loop closed
[137.337s] DEBUG:colcon.colcon_parallel_executor.executor.parallel:run_until_complete finished with '0'
[137.338s] DEBUG:colcon.colcon_core.event_reactor:joining thread
[137.362s] INFO:colcon.colcon_core.plugin_system:Skipping extension 'colcon_notification.desktop_notification.terminal_notifier': Not used on non-Darwin systems
[137.363s] INFO:colcon.colcon_core.plugin_system:Skipping extension 'colcon_notification.desktop_notification.win32': Not used on non-Windows systems
[137.363s] INFO:colcon.colcon_notification.desktop_notification:Sending desktop notification using 'notify2'
[137.374s] DEBUG:colcon.colcon_core.event_reactor:joined thread
[137.375s] INFO:colcon.colcon_core.shell:Creating prefix script '/home/blor/ros2_ws2/src/install/local_setup.ps1'
[137.376s] INFO:colcon.colcon_core.shell:Creating prefix util module '/home/blor/ros2_ws2/src/install/_local_setup_util_ps1.py'
[137.377s] INFO:colcon.colcon_core.shell:Creating prefix chain script '/home/blor/ros2_ws2/src/install/setup.ps1'
[137.379s] INFO:colcon.colcon_core.shell:Creating prefix script '/home/blor/ros2_ws2/src/install/local_setup.sh'
[137.380s] INFO:colcon.colcon_core.shell:Creating prefix util module '/home/blor/ros2_ws2/src/install/_local_setup_util_sh.py'
[137.380s] INFO:colcon.colcon_core.shell:Creating prefix chain script '/home/blor/ros2_ws2/src/install/setup.sh'
[137.382s] INFO:colcon.colcon_core.shell:Creating prefix script '/home/blor/ros2_ws2/src/install/local_setup.bash'
[137.382s] INFO:colcon.colcon_core.shell:Creating prefix chain script '/home/blor/ros2_ws2/src/install/setup.bash'
[137.383s] INFO:colcon.colcon_core.shell:Creating prefix script '/home/blor/ros2_ws2/src/install/local_setup.zsh'
[137.383s] INFO:colcon.colcon_core.shell:Creating prefix chain script '/home/blor/ros2_ws2/src/install/setup.zsh'
