[ 20%] Built target sim_tools
[ 57%] Built target rhex_test
[ 57%] Built target spirit_grab_values
[ 57%] Built target shear_test
[ 57%] Built target rover_test
[ 57%] Built target hero_video
[ 57%] Built target visual_test
[ 57%] Built target husky_test
[ 57%] Built target variable_stiffness_example
[ 57%] Built target spirit_example
[ 57%] Built target probe_test
[ 57%] Built target visual_params
[ 57%] Built target rover_example
[ 57%] Built target spirit_experiment
[ 57%] [32mBuilding CXX object CMakeFiles/docking.dir/src/active_development/docking.cpp.o[0m
[ 60%] Built target spirit_test
[ 63%] Built target spirit_calibration
[ 65%] Built target spirit_calibration_zero_grav
[ 68%] Built target 1spirit_3truss_planner
[ 75%] Built target 3spirit_3truss_model_verification
[ 76%] Built target spirit_3truss
[ 76%] Built target 2spirit_5truss_planner
[ 80%] Built target spirit_force_calibration_stepped_model_verification
[ 82%] Built target spirit_force_calibration
[ 84%] Built target 1spirit_2truss_model_verification
[ 87%] Built target 1spirit_2truss_planner
[ 90%] Built target 1spirit_1truss_planner
[ 93%] Built target 4spirit_3truss_planner
[ 95%] Built target 3spirit_3truss_planner
[ 98%] Built target 3spirit_2truss_planner
