[ 20%] Built target sim_tools
[ 49%] Built target probe_test
[ 49%] Built target shear_test
[ 49%] Built target husky_test
[ 49%] Built target visual_test
[ 49%] Built target rover_test
[ 49%] Built target rhex_test
[ 49%] Built target visual_params
[ 49%] Built target rover_example
[ 49%] Built target spirit_grab_values
[ 49%] Built target variable_stiffness_example
[ 52%] Built target spirit_example
[ 53%] Built target spirit_experiment
[ 56%] Built target hero_video
[ 58%] Built target docking
[ 61%] Built target spirit_test
[ 64%] Built target spirit_calibration
[ 69%] Built target 1spirit_3truss_planner
[ 69%] Built target 1spirit_2truss_model_verification
[ 72%] Built target spirit_force_calibration
[ 75%] Built target 3spirit_3truss_planner
[ 78%] Built target 1spirit_1truss_planner
[ 80%] Built target spirit_3truss
[ 83%] Built target spirit_force_calibration_stepped_model_verification
[ 86%] Built target 2spirit_5truss_planner
[ 89%] Built target spirit_calibration_zero_grav
[ 91%] Built target 1spirit_2truss_planner
[ 94%] Built target 3spirit_3truss_model_verification
[ 97%] Built target 3spirit_2truss_planner
[100%] Built target 4spirit_3truss_planner
