[0.009s] Invoking command in '/home/blor/ros2_ws2/build/chrono_sim': CMAKE_PREFIX_PATH=${CMAKE_PREFIX_PATH}:/opt/ros/humble /usr/bin/cmake --build /home/blor/ros2_ws2/build/chrono_sim -- -j16 -l16
[0.032s] -- Finding package Chrono...
[0.032s] --    Requested component Irrlicht (REQUIRED)
[0.032s] --    Requested component Vehicle (REQUIRED)
[0.032s] --    Requested component Parsers (REQUIRED)
[0.034s] --    Requested component Ros (REQUIRED)
[0.034s] --    CHRONO_CXX_FLAGS         (Compiler flags): ;-fopenmp;-march=native
[0.034s] --    CHRONO_C_FLAGS           (Compiler flags): ;-fopenmp;-march=native
[0.034s] --    CHRONO_LINKER_FLAGS      (Linker flags): -L/usr/local/lib
[0.034s] --    CHRONO_INCLUDE_DIRS      (Chrono include directories): /usr/local/include;/usr/local/include/chrono;/usr/local/include/chrono/collision/bullet;/usr/local/include/chrono/collision/gimpact;/usr/local/include/chrono_thirdparty/HACD;/usr/local/include/chrono_thirdparty/HACDv2;/usr/include/eigen3;/usr/local/cuda/include;/usr/include/irrlicht;;/opt/ros/humble/lib/x86_64-linux-gnu/urdfdom/cmake/../../../../include/urdfdom;/usr/include;/opt/ros/humble/lib/x86_64-linux-gnu/urdfdom_headers/cmake/../../../../include/urdfdom_headers;/usr/include;/home/blor/ros2_ws/install/turtlesim;/home/blor/ros2_ws/install/chrono_ros_interfaces;/home/blor/Downloads/turtlebot_gazebo_ws/install/turtlebot4_description;/home/blor/Downloads/turtlebot_gazebo_ws/install/turtlebot3_fake_node;/opt/ros/humble/include;/usr/include/python3.10;/home/blor/ros2_ws/install/turtlesim;/home/blor/ros2_ws/install/chrono_ros_interfaces;/home/blor/Downloads/turtlebot_gazebo_ws/install/turtlebot4_description;/home/blor/Downloads/turtlebot_gazebo_ws/install/turtlebot3_fake_node;/opt/ros/humble/include;/opt/ros/humble/include/rclcpp;/opt/ros/humble/include/ament_index_cpp;/opt/ros/humble/include/libstatistics_collector;/opt/ros/humble/include/rcl;/opt/ros/humble/include/rcpputils;/opt/ros/humble/include/rcutils;/opt/ros/humble/include/builtin_interfaces;/opt/ros/humble/include/rosgraph_msgs;/opt/ros/humble/include/rosidl_typesupport_cpp;/opt/ros/humble/include/rosidl_typesupport_c;/opt/ros/humble/include/rosidl_runtime_cpp;/opt/ros/humble/include/rcl_yaml_param_parser;/opt/ros/humble/include/statistics_msgs;/opt/ros/humble/include/tracetools;/opt/ros/humble/include/rosidl_runtime_c;/opt/ros/humble/include/rosidl_typesupport_interface;/opt/ros/humble/include/rosidl_typesupport_fastrtps_c;/opt/ros/humble/include/rosidl_typesupport_fastrtps_cpp;/opt/ros/humble/include/rmw;/opt/ros/humble/include/rcl_interfaces;/opt/ros/humble/include/rosidl_typesupport_introspection_c;/opt/ros/humble/include/rosidl_typesupport_introspection_cpp;/opt/ros/humble/include/std_msgs;/opt/ros/humble/include/geometry_msgs;/opt/ros/humble/include/sensor_msgs;/opt/ros/humble/include/tf2_ros;/opt/ros/humble/include/rclcpp_components;/opt/ros/humble/include/message_filters;/opt/ros/humble/include/rclcpp_action;/opt/ros/humble/include/tf2;/opt/ros/humble/include/tf2_msgs;/opt/ros/humble/include/action_msgs;/home/blor/ros2_ws/install/chrono_ros_interfaces/include/chrono_ros_interfaces
[0.034s] --    CHRONO_LIB_NAMES         (Chrono library names): ChronoEngine_ros;ChronoEngine_parsers;ChronoEngine_vehicle_irrlicht;ChronoModels_vehicle;ChronoEngine_vehicle;ChronoEngine_irrlicht;ChronoModels_robot;ChronoEngine
[0.034s] --    CHRONO_LIBRARIES         (Chrono libraries): /usr/lib/gcc/x86_64-linux-gnu/11/libgomp.so;/usr/lib/x86_64-linux-gnu/libpthread.a;;urdfdom::urdfdom_model;urdfdom::urdfdom_world;urdfdom::urdfdom_sensor;tinyxml2::tinyxml2;ChronoEngine;ChronoModels_robot;ChronoEngine_vehicle;ChronoModels_vehicle;ChronoEngine_parsers;/usr/local/lib/libChronoEngine_ros.so;/usr/local/lib/libChronoEngine_parsers.so;/usr/local/lib/libChronoEngine_vehicle_irrlicht.so;/usr/local/lib/libChronoModels_vehicle.so;/usr/local/lib/libChronoEngine_vehicle.so;/usr/local/lib/libChronoEngine_irrlicht.so;/usr/local/lib/libChronoModels_robot.so;/usr/local/lib/libChronoEngine.so
[0.034s] --    CHRONO_DATA_DIR          (Path to Chrono data folder): /usr/local/share/chrono/data/
[0.034s] --    CHRONO_VEHICLE_DATA_DIR  (Path to Chrono::Vehicle data folder): /usr/local/share/chrono/data/vehicle/
[0.034s] --    CHRONO_FSI_DATA_DIR      (Path to Chrono::FSI data folder): /usr/local/share/chrono/data/fsi/
[0.035s] -- Found ament_cmake: 1.3.10 (/opt/ros/humble/share/ament_cmake/cmake)
[0.121s] -- Found rclcpp: 16.0.10 (/opt/ros/humble/share/rclcpp/cmake)
[0.142s] -- Found rosidl_generator_c: 3.1.5 (/opt/ros/humble/share/rosidl_generator_c/cmake)
[0.144s] -- Found rosidl_adapter: 3.1.5 (/opt/ros/humble/share/rosidl_adapter/cmake)
[0.148s] -- Found rosidl_generator_cpp: 3.1.5 (/opt/ros/humble/share/rosidl_generator_cpp/cmake)
[0.154s] -- Using all available rosidl_typesupport_c: rosidl_typesupport_fastrtps_c;rosidl_typesupport_introspection_c
[0.162s] -- Using all available rosidl_typesupport_cpp: rosidl_typesupport_fastrtps_cpp;rosidl_typesupport_introspection_cpp
[0.184s] -- Found rmw_implementation_cmake: 6.1.2 (/opt/ros/humble/share/rmw_implementation_cmake/cmake)
[0.185s] -- Found rmw_fastrtps_cpp: 6.2.7 (/opt/ros/humble/share/rmw_fastrtps_cpp/cmake)
[0.231s] -- Using RMW implementation 'rmw_fastrtps_cpp' as default
[0.263s] -- Found std_srvs: 4.2.4 (/opt/ros/humble/share/std_srvs/cmake)
[0.269s] -- Found geometry_msgs: 4.2.4 (/opt/ros/humble/share/geometry_msgs/cmake)
[0.277s] -- Found tf2_ros: 0.25.7 (/opt/ros/humble/share/tf2_ros/cmake)
[0.403s] -- Configuring done
[0.548s] -- Generating done
[0.552s] -- Build files have been written to: /home/blor/ros2_ws2/build/chrono_sim
[0.589s] [35m[1mConsolidate compiler generated dependencies of target sim_tools[0m
[0.633s] [ 20%] Built target sim_tools
[0.654s] [35m[1mConsolidate compiler generated dependencies of target spirit_example[0m
[0.654s] [35m[1mConsolidate compiler generated dependencies of target visual_test[0m
[0.654s] [35m[1mConsolidate compiler generated dependencies of target rover_example[0m
[0.654s] [35m[1mConsolidate compiler generated dependencies of target visual_params[0m
[0.654s] [35m[1mConsolidate compiler generated dependencies of target husky_test[0m
[0.654s] [35m[1mConsolidate compiler generated dependencies of target rhex_test[0m
[0.654s] [35m[1mConsolidate compiler generated dependencies of target rover_test[0m
[0.654s] [35m[1mConsolidate compiler generated dependencies of target variable_stiffness_example[0m
[0.654s] [35m[1mConsolidate compiler generated dependencies of target shear_test[0m
[0.654s] [35m[1mConsolidate compiler generated dependencies of target docking[0m
[0.654s] [35m[1mConsolidate compiler generated dependencies of target spirit_experiment[0m
[0.654s] [35m[1mConsolidate compiler generated dependencies of target spirit_grab_values[0m
[0.655s] [35m[1mConsolidate compiler generated dependencies of target probe_test[0m
[0.655s] [35m[1mConsolidate compiler generated dependencies of target hero_video[0m
[0.655s] [35m[1mConsolidate compiler generated dependencies of target spirit_test[0m
[0.655s] [35m[1mConsolidate compiler generated dependencies of target spirit_calibration[0m
[0.686s] [ 39%] Built target variable_stiffness_example
[0.686s] [ 39%] Built target rover_example
[0.686s] [ 39%] Built target rover_test
[0.686s] [ 39%] Built target visual_params
[0.686s] [ 39%] Built target husky_test
[0.686s] [ 39%] Built target spirit_example
[0.686s] [ 39%] Built target visual_test
[0.687s] [ 45%] Built target rhex_test
[0.687s] [ 45%] Built target shear_test
[0.687s] [ 47%] Built target spirit_grab_values
[0.687s] [ 52%] Built target spirit_experiment
[0.687s] [ 53%] Built target hero_video
[0.688s] [ 56%] Built target docking
[0.688s] [ 58%] Built target spirit_test
[0.688s] [ 64%] Built target probe_test
[0.689s] [ 64%] Built target spirit_calibration
[0.701s] [35m[1mConsolidate compiler generated dependencies of target 1spirit_2truss_model_verification[0m
[0.701s] [35m[1mConsolidate compiler generated dependencies of target 3spirit_2truss_planner[0m
[0.701s] [35m[1mConsolidate compiler generated dependencies of target 4spirit_3truss_planner[0m
[0.701s] [35m[1mConsolidate compiler generated dependencies of target spirit_calibration_zero_grav[0m
[0.702s] [35m[1mConsolidate compiler generated dependencies of target 2spirit_5truss_planner[0m
[0.702s] [35m[1mConsolidate compiler generated dependencies of target spirit_3truss[0m
[0.702s] [35m[1mConsolidate compiler generated dependencies of target spirit_force_calibration_stepped_model_verification[0m
[0.702s] [35m[1mConsolidate compiler generated dependencies of target spirit_force_calibration[0m
[0.703s] [35m[1mConsolidate compiler generated dependencies of target 3spirit_3truss_model_verification[0m
[0.703s] [35m[1mConsolidate compiler generated dependencies of target 1spirit_1truss_planner[0m
[0.703s] [35m[1mConsolidate compiler generated dependencies of target 1spirit_3truss_planner[0m
[0.704s] [35m[1mConsolidate compiler generated dependencies of target 1spirit_2truss_planner[0m
[0.704s] [35m[1mConsolidate compiler generated dependencies of target 3spirit_3truss_planner[0m
[0.730s] [ 69%] Built target 1spirit_2truss_model_verification
[0.730s] [ 69%] Built target 3spirit_2truss_planner
[0.730s] [ 72%] Built target 4spirit_3truss_planner
[0.731s] [ 75%] Built target spirit_calibration_zero_grav
[0.732s] [ 78%] Built target 2spirit_5truss_planner
[0.734s] [ 83%] Built target 1spirit_1truss_planner
[0.735s] [ 83%] Built target spirit_3truss
[0.736s] [ 86%] Built target 1spirit_3truss_planner
[0.736s] [ 91%] Built target 3spirit_3truss_planner
[0.736s] [ 91%] Built target spirit_force_calibration
[0.737s] [ 94%] Built target spirit_force_calibration_stepped_model_verification
[0.737s] [ 97%] Built target 3spirit_3truss_model_verification
[0.737s] [100%] Built target 1spirit_2truss_planner
[0.748s] Invoked command in '/home/blor/ros2_ws2/build/chrono_sim' returned '0': CMAKE_PREFIX_PATH=${CMAKE_PREFIX_PATH}:/opt/ros/humble /usr/bin/cmake --build /home/blor/ros2_ws2/build/chrono_sim -- -j16 -l16
[0.892s] Invoking command in '/home/blor/ros2_ws2/build/chrono_sim': CMAKE_PREFIX_PATH=${CMAKE_PREFIX_PATH}:/opt/ros/humble /usr/bin/cmake --install /home/blor/ros2_ws2/build/chrono_sim
[0.898s] -- Install configuration: ""
[0.898s] -- Up-to-date: /home/blor/ros2_ws2/install/chrono_sim/lib/libsim_tools.so
[0.898s] -- Up-to-date: /home/blor/ros2_ws2/src/chrono_sim/bin/spirit_example
[0.899s] -- Up-to-date: /home/blor/ros2_ws2/src/chrono_sim/bin/rover_example
[0.899s] -- Up-to-date: /home/blor/ros2_ws2/src/chrono_sim/bin/variable_stiffness_example
[0.899s] -- Up-to-date: /home/blor/ros2_ws2/src/chrono_sim/bin/visual_test
[0.899s] -- Up-to-date: /home/blor/ros2_ws2/src/chrono_sim/bin/visual_params
[0.900s] -- Up-to-date: /home/blor/ros2_ws2/src/chrono_sim/bin/husky_test
[0.900s] -- Up-to-date: /home/blor/ros2_ws2/src/chrono_sim/bin/rover_test
[0.900s] -- Up-to-date: /home/blor/ros2_ws2/src/chrono_sim/bin/rhex_test
[0.900s] -- Up-to-date: /home/blor/ros2_ws2/src/chrono_sim/bin/shear_test
[0.901s] -- Up-to-date: /home/blor/ros2_ws2/src/chrono_sim/bin/probe_test
[0.901s] -- Up-to-date: /home/blor/ros2_ws2/src/chrono_sim/bin/spirit_grab_values
[0.901s] -- Up-to-date: /home/blor/ros2_ws2/src/chrono_sim/bin/spirit_experiment
[0.902s] -- Up-to-date: /home/blor/ros2_ws2/src/chrono_sim/bin/hero_video
[0.902s] -- Up-to-date: /home/blor/ros2_ws2/src/chrono_sim/bin/docking
[0.902s] -- Up-to-date: /home/blor/ros2_ws2/src/chrono_sim/bin/spirit_test
[0.902s] -- Up-to-date: /home/blor/ros2_ws2/src/chrono_sim/bin/spirit_calibration
[0.903s] -- Up-to-date: /home/blor/ros2_ws2/src/chrono_sim/bin/spirit_calibration_zero_grav
[0.903s] -- Up-to-date: /home/blor/ros2_ws2/src/chrono_sim/bin/spirit_3truss
[0.903s] -- Up-to-date: /home/blor/ros2_ws2/src/chrono_sim/bin/2spirit_5truss_planner
[0.903s] -- Up-to-date: /home/blor/ros2_ws2/src/chrono_sim/bin/spirit_force_calibration
[0.904s] -- Up-to-date: /home/blor/ros2_ws2/src/chrono_sim/bin/spirit_force_calibration_stepped_model_verification
[0.904s] -- Up-to-date: /home/blor/ros2_ws2/src/chrono_sim/bin/1spirit_2truss_model_verification
[0.904s] -- Up-to-date: /home/blor/ros2_ws2/src/chrono_sim/bin/3spirit_3truss_model_verification
[0.904s] -- Up-to-date: /home/blor/ros2_ws2/src/chrono_sim/bin/1spirit_1truss_planner
[0.905s] -- Up-to-date: /home/blor/ros2_ws2/src/chrono_sim/bin/1spirit_2truss_planner
[0.905s] -- Up-to-date: /home/blor/ros2_ws2/src/chrono_sim/bin/1spirit_3truss_planner
[0.905s] -- Up-to-date: /home/blor/ros2_ws2/src/chrono_sim/bin/3spirit_3truss_planner
[0.905s] -- Up-to-date: /home/blor/ros2_ws2/src/chrono_sim/bin/3spirit_2truss_planner
[0.906s] -- Up-to-date: /home/blor/ros2_ws2/src/chrono_sim/bin/4spirit_3truss_planner
[0.906s] -- Up-to-date: /home/blor/ros2_ws2/install/chrono_sim/share/ament_index/resource_index/package_run_dependencies/chrono_sim
[0.906s] -- Installing: /home/blor/ros2_ws2/install/chrono_sim/share/ament_index/resource_index/parent_prefix_path/chrono_sim
[0.906s] -- Up-to-date: /home/blor/ros2_ws2/install/chrono_sim/share/chrono_sim/environment/ament_prefix_path.sh
[0.906s] -- Installing: /home/blor/ros2_ws2/install/chrono_sim/share/chrono_sim/environment/ament_prefix_path.dsv
[0.906s] -- Up-to-date: /home/blor/ros2_ws2/install/chrono_sim/share/chrono_sim/environment/path.sh
[0.906s] -- Installing: /home/blor/ros2_ws2/install/chrono_sim/share/chrono_sim/environment/path.dsv
[0.906s] -- Up-to-date: /home/blor/ros2_ws2/install/chrono_sim/share/chrono_sim/local_setup.bash
[0.906s] -- Up-to-date: /home/blor/ros2_ws2/install/chrono_sim/share/chrono_sim/local_setup.sh
[0.907s] -- Up-to-date: /home/blor/ros2_ws2/install/chrono_sim/share/chrono_sim/local_setup.zsh
[0.907s] -- Installing: /home/blor/ros2_ws2/install/chrono_sim/share/chrono_sim/local_setup.dsv
[0.907s] -- Installing: /home/blor/ros2_ws2/install/chrono_sim/share/chrono_sim/package.dsv
[0.907s] -- Up-to-date: /home/blor/ros2_ws2/install/chrono_sim/share/ament_index/resource_index/packages/chrono_sim
[0.907s] -- Up-to-date: /home/blor/ros2_ws2/install/chrono_sim/share/chrono_sim/cmake/chrono_simConfig.cmake
[0.907s] -- Up-to-date: /home/blor/ros2_ws2/install/chrono_sim/share/chrono_sim/cmake/chrono_simConfig-version.cmake
[0.907s] -- Up-to-date: /home/blor/ros2_ws2/install/chrono_sim/share/chrono_sim/package.xml
[0.908s] Invoked command in '/home/blor/ros2_ws2/build/chrono_sim' returned '0': CMAKE_PREFIX_PATH=${CMAKE_PREFIX_PATH}:/opt/ros/humble /usr/bin/cmake --install /home/blor/ros2_ws2/build/chrono_sim
