[0.009s] Invoking command in '/home/blor/ros2_ws2/build/chrono_sim': CMAKE_PREFIX_PATH=${CMAKE_PREFIX_PATH}:/opt/ros/humble /usr/bin/cmake --build /home/blor/ros2_ws2/build/chrono_sim -- -j16 -l16
[0.074s] [ 20%] Built target sim_tools
[0.121s] [ 43%] Built target spirit_example
[0.121s] [ 43%] Built target visual_test
[0.122s] [ 43%] Built target rover_test
[0.122s] [ 43%] Built target shear_test
[0.122s] [ 43%] Built target husky_test
[0.122s] [ 43%] Built target rhex_test
[0.122s] [ 43%] Built target variable_stiffness_example
[0.122s] [ 45%] Built target spirit_grab_values
[0.122s] [ 43%] Built target probe_test
[0.123s] [ 47%] Built target hero_video
[0.123s] [ 54%] Built target docking
[0.123s] [ 56%] Built target spirit_experiment
[0.123s] [ 56%] Built target visual_params
[0.123s] [ 58%] Built target spirit_calibration
[0.124s] [ 61%] Built target rover_example
[0.125s] [ 64%] Built target spirit_test
[0.162s] [ 72%] Built target 1spirit_3truss_planner
[0.162s] [ 72%] Built target 1spirit_1truss_planner
[0.163s] [ 72%] Built target 3spirit_2truss_planner
[0.163s] [ 75%] Built target spirit_force_calibration_stepped_model_verification
[0.163s] [ 78%] Built target 3spirit_3truss_planner
[0.164s] [ 80%] Built target spirit_calibration_zero_grav
[0.165s] [ 86%] Built target 2spirit_5truss_planner
[0.165s] [ 87%] Built target spirit_3truss
[0.165s] [ 89%] Built target 1spirit_2truss_planner
[0.165s] [ 91%] Built target 4spirit_3truss_planner
[0.165s] [ 94%] Built target spirit_force_calibration
[0.166s] [ 97%] Built target 1spirit_2truss_model_verification
[0.166s] [100%] Built target 3spirit_3truss_model_verification
[0.177s] Invoked command in '/home/blor/ros2_ws2/build/chrono_sim' returned '0': CMAKE_PREFIX_PATH=${CMAKE_PREFIX_PATH}:/opt/ros/humble /usr/bin/cmake --build /home/blor/ros2_ws2/build/chrono_sim -- -j16 -l16
[0.313s] Invoking command in '/home/blor/ros2_ws2/build/chrono_sim': CMAKE_PREFIX_PATH=${CMAKE_PREFIX_PATH}:/opt/ros/humble /usr/bin/cmake --install /home/blor/ros2_ws2/build/chrono_sim
[0.319s] -- Install configuration: ""
[0.319s] -- Up-to-date: /home/blor/ros2_ws2/install/chrono_sim/lib/libsim_tools.so
[0.319s] -- Up-to-date: /home/blor/ros2_ws2/src/chrono_sim/bin/spirit_example
[0.320s] -- Up-to-date: /home/blor/ros2_ws2/src/chrono_sim/bin/rover_example
[0.320s] -- Up-to-date: /home/blor/ros2_ws2/src/chrono_sim/bin/variable_stiffness_example
[0.320s] -- Up-to-date: /home/blor/ros2_ws2/src/chrono_sim/bin/visual_test
[0.320s] -- Up-to-date: /home/blor/ros2_ws2/src/chrono_sim/bin/visual_params
[0.321s] -- Up-to-date: /home/blor/ros2_ws2/src/chrono_sim/bin/husky_test
[0.321s] -- Up-to-date: /home/blor/ros2_ws2/src/chrono_sim/bin/rover_test
[0.321s] -- Up-to-date: /home/blor/ros2_ws2/src/chrono_sim/bin/rhex_test
[0.321s] -- Up-to-date: /home/blor/ros2_ws2/src/chrono_sim/bin/shear_test
[0.322s] -- Up-to-date: /home/blor/ros2_ws2/src/chrono_sim/bin/probe_test
[0.322s] -- Up-to-date: /home/blor/ros2_ws2/src/chrono_sim/bin/spirit_grab_values
[0.322s] -- Up-to-date: /home/blor/ros2_ws2/src/chrono_sim/bin/spirit_experiment
[0.322s] -- Up-to-date: /home/blor/ros2_ws2/src/chrono_sim/bin/hero_video
[0.323s] -- Up-to-date: /home/blor/ros2_ws2/src/chrono_sim/bin/docking
[0.323s] -- Up-to-date: /home/blor/ros2_ws2/src/chrono_sim/bin/spirit_test
[0.323s] -- Up-to-date: /home/blor/ros2_ws2/src/chrono_sim/bin/spirit_calibration
[0.323s] -- Up-to-date: /home/blor/ros2_ws2/src/chrono_sim/bin/spirit_calibration_zero_grav
[0.324s] -- Up-to-date: /home/blor/ros2_ws2/src/chrono_sim/bin/spirit_3truss
[0.324s] -- Up-to-date: /home/blor/ros2_ws2/src/chrono_sim/bin/2spirit_5truss_planner
[0.324s] -- Up-to-date: /home/blor/ros2_ws2/src/chrono_sim/bin/spirit_force_calibration
[0.325s] -- Up-to-date: /home/blor/ros2_ws2/src/chrono_sim/bin/spirit_force_calibration_stepped_model_verification
[0.325s] -- Up-to-date: /home/blor/ros2_ws2/src/chrono_sim/bin/1spirit_2truss_model_verification
[0.325s] -- Up-to-date: /home/blor/ros2_ws2/src/chrono_sim/bin/3spirit_3truss_model_verification
[0.325s] -- Up-to-date: /home/blor/ros2_ws2/src/chrono_sim/bin/1spirit_1truss_planner
[0.326s] -- Up-to-date: /home/blor/ros2_ws2/src/chrono_sim/bin/1spirit_2truss_planner
[0.326s] -- Up-to-date: /home/blor/ros2_ws2/src/chrono_sim/bin/1spirit_3truss_planner
[0.326s] -- Up-to-date: /home/blor/ros2_ws2/src/chrono_sim/bin/3spirit_3truss_planner
[0.326s] -- Up-to-date: /home/blor/ros2_ws2/src/chrono_sim/bin/3spirit_2truss_planner
[0.327s] -- Up-to-date: /home/blor/ros2_ws2/src/chrono_sim/bin/4spirit_3truss_planner
[0.327s] -- Up-to-date: /home/blor/ros2_ws2/install/chrono_sim/share/ament_index/resource_index/package_run_dependencies/chrono_sim
[0.327s] -- Up-to-date: /home/blor/ros2_ws2/install/chrono_sim/share/ament_index/resource_index/parent_prefix_path/chrono_sim
[0.327s] -- Up-to-date: /home/blor/ros2_ws2/install/chrono_sim/share/chrono_sim/environment/ament_prefix_path.sh
[0.327s] -- Up-to-date: /home/blor/ros2_ws2/install/chrono_sim/share/chrono_sim/environment/ament_prefix_path.dsv
[0.327s] -- Up-to-date: /home/blor/ros2_ws2/install/chrono_sim/share/chrono_sim/environment/path.sh
[0.327s] -- Up-to-date: /home/blor/ros2_ws2/install/chrono_sim/share/chrono_sim/environment/path.dsv
[0.327s] -- Up-to-date: /home/blor/ros2_ws2/install/chrono_sim/share/chrono_sim/local_setup.bash
[0.327s] -- Up-to-date: /home/blor/ros2_ws2/install/chrono_sim/share/chrono_sim/local_setup.sh
[0.327s] -- Up-to-date: /home/blor/ros2_ws2/install/chrono_sim/share/chrono_sim/local_setup.zsh
[0.327s] -- Up-to-date: /home/blor/ros2_ws2/install/chrono_sim/share/chrono_sim/local_setup.dsv
[0.327s] -- Installing: /home/blor/ros2_ws2/install/chrono_sim/share/chrono_sim/package.dsv
[0.327s] -- Up-to-date: /home/blor/ros2_ws2/install/chrono_sim/share/ament_index/resource_index/packages/chrono_sim
[0.327s] -- Up-to-date: /home/blor/ros2_ws2/install/chrono_sim/share/chrono_sim/cmake/chrono_simConfig.cmake
[0.327s] -- Up-to-date: /home/blor/ros2_ws2/install/chrono_sim/share/chrono_sim/cmake/chrono_simConfig-version.cmake
[0.328s] -- Up-to-date: /home/blor/ros2_ws2/install/chrono_sim/share/chrono_sim/package.xml
[0.329s] Invoked command in '/home/blor/ros2_ws2/build/chrono_sim' returned '0': CMAKE_PREFIX_PATH=${CMAKE_PREFIX_PATH}:/opt/ros/humble /usr/bin/cmake --install /home/blor/ros2_ws2/build/chrono_sim
