[ 20%] Built target sim_tools
[ 36%] Built target variable_stiffness_example
[ 36%] Built target visual_params
[ 41%] Built target husky_test
[ 36%] Built target visual_test
[ 45%] Built target shear_test
[ 45%] Built target rover_example
[ 45%] Built target spirit_example
[ 45%] Built target rover_test
[ 45%] Built target rhex_test
[ 50%] Built target probe_test
[ 53%] Built target hero_video
[ 54%] Built target spirit_experiment
[ 57%] Built target spirit_grab_values
[ 61%] Built target spirit_test
[ 61%] Built target docking
[ 64%] Built target spirit_calibration
[ 69%] Built target 1spirit_2truss_model_verification
[ 69%] Built target spirit_calibration_zero_grav
[ 72%] Built target 1spirit_3truss_planner
[ 76%] Built target spirit_force_calibration_stepped_model_verification
[ 78%] Built target 1spirit_2truss_planner
[ 80%] Built target spirit_3truss
[ 83%] Built target 1spirit_1truss_planner
[ 86%] Built target spirit_force_calibration
[ 91%] Built target 3spirit_3truss_model_verification
[ 91%] Built target 2spirit_5truss_planner
[ 94%] Built target 3spirit_2truss_planner
[ 98%] Built target 4spirit_3truss_planner
[100%] Built target 3spirit_3truss_planner
