[0.016s] Invoking command in '/home/blor/ros2_ws2/build/chrono_sim': CMAKE_PREFIX_PATH=${CMAKE_PREFIX_PATH}:/opt/ros/humble /usr/bin/cmake --build /home/blor/ros2_ws2/build/chrono_sim -- -j16 -l16
[0.086s] [35m[1mConsolidate compiler generated dependencies of target sim_tools[0m
[0.154s] [  1%] [32mBuilding CXX object CMakeFiles/sim_tools.dir/src/sim_tools/Spirit.cpp.o[0m
[0.155s] [  2%] [32mBuilding CXX object CMakeFiles/sim_tools.dir/src/sim_tools/SpiritFactory.cpp.o[0m
[9.168s] [  4%] [32m[1mLinking CXX shared library libsim_tools.so[0m
[10.016s] [ 21%] Built target sim_tools
[10.100s] [ 23%] [32mBuilding CXX object CMakeFiles/visual_params.dir/src/active_development/visual_params.cpp.o[0m
[10.100s] [ 23%] [32mBuilding CXX object CMakeFiles/variable_stiffness_example.dir/src/examples/variable_stiffness_example.cpp.o[0m
[10.102s] [ 33%] [32mBuilding CXX object CMakeFiles/spirit_grab_values.dir/src/active_development/spirit_grab_values.cpp.o[0m
[10.102s] [ 33%] [32mBuilding CXX object CMakeFiles/husky_test.dir/src/active_development/husky_test.cpp.o[0m
[10.102s] [ 33%] [32mBuilding CXX object CMakeFiles/visual_test.dir/src/active_development/visual_test.cpp.o[0m
[10.102s] [ 33%] [32mBuilding CXX object CMakeFiles/probe_test.dir/src/active_development/probe_test.cpp.o[0m
[10.102s] [ 33%] [32mBuilding CXX object CMakeFiles/rhex_test.dir/src/active_development/rhex_test.cpp.o[0m
[10.102s] [ 33%] [32mBuilding CXX object CMakeFiles/shear_test.dir/src/active_development/shear_test.cpp.o[0m
[10.102s] [ 33%] [32mBuilding CXX object CMakeFiles/spirit_example.dir/src/examples/spirit_example.cpp.o[0m
[10.103s] [ 39%] [32mBuilding CXX object CMakeFiles/rover_example.dir/src/examples/rover_example.cpp.o[0m
[10.103s] [ 39%] [32mBuilding CXX object CMakeFiles/rover_test.dir/src/active_development/rover_test.cpp.o[0m
[10.103s] [ 39%] [32mBuilding CXX object CMakeFiles/spirit_experiment.dir/src/active_development/spirit_experiment.cpp.o[0m
[10.103s] [ 39%] [32mBuilding CXX object CMakeFiles/hero_video.dir/src/active_development/hero_video.cpp.o[0m
[10.106s] [ 43%] [32mBuilding CXX object CMakeFiles/spirit_calibration.dir/src/experiments/spirit_calibration.cpp.o[0m
[10.106s] [ 43%] [32mBuilding CXX object CMakeFiles/spirit_test.dir/src/experiments/spirit_test.cpp.o[0m
[10.106s] [ 43%] [32mBuilding CXX object CMakeFiles/spirit_calibration_zero_grav.dir/src/experiments/spirit_calibration_zero_grav.cpp.o[0m
[27.600s] [ 45%] [32m[1mLinking CXX executable spirit_example[0m
[27.865s] [ 46%] [32m[1mLinking CXX executable rover_test[0m
[27.895s] [ 47%] [32m[1mLinking CXX executable rover_example[0m
[27.895s] [ 49%] [32m[1mLinking CXX executable rhex_test[0m
[28.037s] [ 50%] [32m[1mLinking CXX executable spirit_experiment[0m
[28.138s] [ 52%] [32m[1mLinking CXX executable spirit_test[0m
[28.243s] [ 53%] [32m[1mLinking CXX executable probe_test[0m
[28.515s] [ 54%] [32m[1mLinking CXX executable variable_stiffness_example[0m
[28.602s] [ 56%] [32m[1mLinking CXX executable visual_test[0m
[28.632s] [ 57%] [32m[1mLinking CXX executable husky_test[0m
[28.718s] [ 59%] [32m[1mLinking CXX executable hero_video[0m
[28.743s] [ 60%] [32m[1mLinking CXX executable shear_test[0m
[28.766s] [ 61%] [32m[1mLinking CXX executable spirit_calibration[0m
[29.227s] [ 63%] [32m[1mLinking CXX executable visual_params[0m
[29.401s] [ 64%] [32m[1mLinking CXX executable spirit_calibration_zero_grav[0m
[29.861s] [ 66%] [32m[1mLinking CXX executable spirit_grab_values[0m
[81.797s] [ 66%] Built target visual_test
[81.849s] [ 66%] Built target spirit_test
[81.852s] [ 66%] Built target rover_test
[81.852s] [ 66%] Built target hero_video
[81.853s] [ 67%] [32mBuilding CXX object CMakeFiles/spirit_3truss.dir/src/experiments/spirit_3truss.cpp.o[0m
[81.897s] [ 69%] [32mBuilding CXX object CMakeFiles/spirit_force_calibration.dir/src/experiments/spirit_force_calibration.cpp.o[0m
[81.899s] [ 70%] [32mBuilding CXX object CMakeFiles/2spirit_5truss_planner.dir/src/experiments/2spirit_5truss_planner.cpp.o[0m
[81.906s] [ 71%] [32mBuilding CXX object CMakeFiles/spirit_force_calibration_stepped_model_verification.dir/src/experiments/spirit_force_calibration_stepped_model_verification.cpp.o[0m
[81.962s] [ 71%] Built target probe_test
[81.982s] [ 71%] Built target rover_example
[82.002s] [ 71%] Built target shear_test
[82.003s] [ 73%] [32mBuilding CXX object CMakeFiles/1spirit_2truss_model_verification.dir/src/experiments/1spirit_2truss_model_verification.cpp.o[0m
[82.003s] [ 73%] Built target variable_stiffness_example
[82.025s] [ 74%] [32mBuilding CXX object CMakeFiles/3spirit_3truss_model_verification.dir/src/experiments/3spirit_3truss_model_verification.cpp.o[0m
[82.052s] [ 77%] [32mBuilding CXX object CMakeFiles/1spirit_2truss_planner.dir/src/experiments/1spirit_2truss_planner.cpp.o[0m
[82.052s] [ 77%] [32mBuilding CXX object CMakeFiles/1spirit_1truss_planner.dir/src/experiments/1spirit_1truss_planner.cpp.o[0m
[82.054s] [ 77%] Built target rhex_test
[82.077s] [ 77%] Built target spirit_example
[82.099s] [ 78%] [32mBuilding CXX object CMakeFiles/1spirit_3truss_planner.dir/src/experiments/1spirit_3truss_planner.cpp.o[0m
[82.119s] [ 80%] [32mBuilding CXX object CMakeFiles/3spirit_3truss_planner.dir/src/experiments/3spirit_3truss_planner.cpp.o[0m
[82.237s] [ 80%] Built target husky_test
[82.284s] [ 81%] [32mBuilding CXX object CMakeFiles/3spirit_2truss_planner.dir/src/experiments/3spirit_2truss_planner.cpp.o[0m
[82.464s] [ 81%] Built target visual_params
[82.508s] [ 83%] [32mBuilding CXX object CMakeFiles/4spirit_3truss_planner.dir/src/experiments/4spirit_3truss_planner.cpp.o[0m
[82.516s] [ 83%] Built target spirit_experiment
[82.794s] [ 83%] Built target spirit_calibration
[83.002s] [ 83%] Built target spirit_calibration_zero_grav
[83.199s] [ 83%] Built target spirit_grab_values
[94.669s] [ 84%] [32m[1mLinking CXX executable 1spirit_1truss_planner[0m
[94.696s] [ 85%] [32m[1mLinking CXX executable spirit_force_calibration[0m
[95.017s] [ 87%] [32m[1mLinking CXX executable spirit_3truss[0m
[95.217s] [ 88%] [32m[1mLinking CXX executable 3spirit_3truss_model_verification[0m
[97.129s] [ 90%] [32m[1mLinking CXX executable 2spirit_5truss_planner[0m
[98.626s] [ 91%] [32m[1mLinking CXX executable 1spirit_2truss_model_verification[0m
[98.798s] [ 92%] [32m[1mLinking CXX executable 1spirit_2truss_planner[0m
[98.874s] [ 94%] [32m[1mLinking CXX executable 3spirit_2truss_planner[0m
[98.882s] [ 95%] [32m[1mLinking CXX executable 1spirit_3truss_planner[0m
[98.922s] [ 97%] [32m[1mLinking CXX executable spirit_force_calibration_stepped_model_verification[0m
[99.372s] [ 98%] [32m[1mLinking CXX executable 3spirit_3truss_planner[0m
[100.034s] [100%] [32m[1mLinking CXX executable 4spirit_3truss_planner[0m
[130.505s] [100%] Built target 1spirit_1truss_planner
[132.189s] [100%] Built target spirit_3truss
[133.011s] [100%] Built target spirit_force_calibration
[133.791s] [100%] Built target 3spirit_3truss_model_verification
[136.201s] [100%] Built target 2spirit_5truss_planner
[136.445s] [100%] Built target 1spirit_3truss_planner
[136.539s] [100%] Built target 1spirit_2truss_planner
[136.625s] [100%] Built target 1spirit_2truss_model_verification
[136.683s] [100%] Built target 3spirit_3truss_planner
[136.727s] [100%] Built target 3spirit_2truss_planner
[136.905s] [100%] Built target 4spirit_3truss_planner
[137.098s] [100%] Built target spirit_force_calibration_stepped_model_verification
[137.118s] Invoked command in '/home/blor/ros2_ws2/build/chrono_sim' returned '0': CMAKE_PREFIX_PATH=${CMAKE_PREFIX_PATH}:/opt/ros/humble /usr/bin/cmake --build /home/blor/ros2_ws2/build/chrono_sim -- -j16 -l16
[137.303s] Invoking command in '/home/blor/ros2_ws2/build/chrono_sim': CMAKE_PREFIX_PATH=${CMAKE_PREFIX_PATH}:/opt/ros/humble /usr/bin/cmake --install /home/blor/ros2_ws2/build/chrono_sim
[137.310s] -- Install configuration: ""
[137.311s] -- Installing: /home/blor/ros2_ws2/install/chrono_sim/lib/libsim_tools.so
[137.322s] -- Installing: /home/blor/ros2_ws/src/chrono_sim/bin/spirit_example
[137.323s] -- Set runtime path of "/home/blor/ros2_ws/src/chrono_sim/bin/spirit_example" to "/home/blor/ros2_ws2/install/chrono_sim/lib"
[137.323s] -- Installing: /home/blor/ros2_ws/src/chrono_sim/bin/rover_example
[137.323s] -- Set runtime path of "/home/blor/ros2_ws/src/chrono_sim/bin/rover_example" to "/home/blor/ros2_ws2/install/chrono_sim/lib"
[137.323s] -- Installing: /home/blor/ros2_ws/src/chrono_sim/bin/variable_stiffness_example
[137.324s] -- Set runtime path of "/home/blor/ros2_ws/src/chrono_sim/bin/variable_stiffness_example" to "/home/blor/ros2_ws2/install/chrono_sim/lib"
[137.324s] -- Installing: /home/blor/ros2_ws/src/chrono_sim/bin/visual_test
[137.324s] -- Set runtime path of "/home/blor/ros2_ws/src/chrono_sim/bin/visual_test" to "/home/blor/ros2_ws2/install/chrono_sim/lib"
[137.324s] -- Installing: /home/blor/ros2_ws/src/chrono_sim/bin/visual_params
[137.325s] -- Set runtime path of "/home/blor/ros2_ws/src/chrono_sim/bin/visual_params" to "/home/blor/ros2_ws2/install/chrono_sim/lib"
[137.325s] -- Installing: /home/blor/ros2_ws/src/chrono_sim/bin/husky_test
[137.325s] -- Set runtime path of "/home/blor/ros2_ws/src/chrono_sim/bin/husky_test" to "/home/blor/ros2_ws2/install/chrono_sim/lib"
[137.325s] -- Installing: /home/blor/ros2_ws/src/chrono_sim/bin/rover_test
[137.326s] -- Set runtime path of "/home/blor/ros2_ws/src/chrono_sim/bin/rover_test" to "/home/blor/ros2_ws2/install/chrono_sim/lib"
[137.326s] -- Installing: /home/blor/ros2_ws/src/chrono_sim/bin/rhex_test
[137.326s] -- Set runtime path of "/home/blor/ros2_ws/src/chrono_sim/bin/rhex_test" to "/home/blor/ros2_ws2/install/chrono_sim/lib"
[137.326s] -- Installing: /home/blor/ros2_ws/src/chrono_sim/bin/shear_test
[137.327s] -- Set runtime path of "/home/blor/ros2_ws/src/chrono_sim/bin/shear_test" to "/home/blor/ros2_ws2/install/chrono_sim/lib"
[137.327s] -- Installing: /home/blor/ros2_ws/src/chrono_sim/bin/probe_test
[137.328s] -- Set runtime path of "/home/blor/ros2_ws/src/chrono_sim/bin/probe_test" to "/home/blor/ros2_ws2/install/chrono_sim/lib"
[137.329s] -- Installing: /home/blor/ros2_ws/src/chrono_sim/bin/spirit_grab_values
[137.330s] -- Set runtime path of "/home/blor/ros2_ws/src/chrono_sim/bin/spirit_grab_values" to "/home/blor/ros2_ws2/install/chrono_sim/lib"
[137.330s] -- Installing: /home/blor/ros2_ws/src/chrono_sim/bin/spirit_experiment
[137.330s] -- Set runtime path of "/home/blor/ros2_ws/src/chrono_sim/bin/spirit_experiment" to "/home/blor/ros2_ws2/install/chrono_sim/lib"
[137.330s] -- Installing: /home/blor/ros2_ws/src/chrono_sim/bin/hero_video
[137.331s] -- Set runtime path of "/home/blor/ros2_ws/src/chrono_sim/bin/hero_video" to "/home/blor/ros2_ws2/install/chrono_sim/lib"
[137.331s] -- Installing: /home/blor/ros2_ws/src/chrono_sim/bin/spirit_test
[137.331s] -- Set runtime path of "/home/blor/ros2_ws/src/chrono_sim/bin/spirit_test" to "/home/blor/ros2_ws2/install/chrono_sim/lib"
[137.331s] -- Installing: /home/blor/ros2_ws/src/chrono_sim/bin/spirit_calibration
[137.332s] -- Set runtime path of "/home/blor/ros2_ws/src/chrono_sim/bin/spirit_calibration" to "/home/blor/ros2_ws2/install/chrono_sim/lib"
[137.332s] -- Installing: /home/blor/ros2_ws/src/chrono_sim/bin/spirit_calibration_zero_grav
[137.333s] -- Set runtime path of "/home/blor/ros2_ws/src/chrono_sim/bin/spirit_calibration_zero_grav" to "/home/blor/ros2_ws2/install/chrono_sim/lib"
[137.333s] -- Installing: /home/blor/ros2_ws/src/chrono_sim/bin/spirit_3truss
[137.334s] -- Set runtime path of "/home/blor/ros2_ws/src/chrono_sim/bin/spirit_3truss" to "/home/blor/ros2_ws2/install/chrono_sim/lib"
[137.334s] -- Installing: /home/blor/ros2_ws/src/chrono_sim/bin/2spirit_5truss_planner
[137.335s] -- Set runtime path of "/home/blor/ros2_ws/src/chrono_sim/bin/2spirit_5truss_planner" to "/home/blor/ros2_ws2/install/chrono_sim/lib"
[137.335s] -- Installing: /home/blor/ros2_ws/src/chrono_sim/bin/spirit_force_calibration
[137.336s] -- Set runtime path of "/home/blor/ros2_ws/src/chrono_sim/bin/spirit_force_calibration" to "/home/blor/ros2_ws2/install/chrono_sim/lib"
[137.336s] -- Installing: /home/blor/ros2_ws/src/chrono_sim/bin/spirit_force_calibration_stepped_model_verification
[137.337s] -- Set runtime path of "/home/blor/ros2_ws/src/chrono_sim/bin/spirit_force_calibration_stepped_model_verification" to "/home/blor/ros2_ws2/install/chrono_sim/lib"
[137.337s] -- Installing: /home/blor/ros2_ws/src/chrono_sim/bin/1spirit_2truss_model_verification
[137.338s] -- Set runtime path of "/home/blor/ros2_ws/src/chrono_sim/bin/1spirit_2truss_model_verification" to "/home/blor/ros2_ws2/install/chrono_sim/lib"
[137.338s] -- Installing: /home/blor/ros2_ws/src/chrono_sim/bin/3spirit_3truss_model_verification
[137.339s] -- Set runtime path of "/home/blor/ros2_ws/src/chrono_sim/bin/3spirit_3truss_model_verification" to "/home/blor/ros2_ws2/install/chrono_sim/lib"
[137.339s] -- Installing: /home/blor/ros2_ws/src/chrono_sim/bin/1spirit_1truss_planner
[137.340s] -- Set runtime path of "/home/blor/ros2_ws/src/chrono_sim/bin/1spirit_1truss_planner" to "/home/blor/ros2_ws2/install/chrono_sim/lib"
[137.340s] -- Installing: /home/blor/ros2_ws/src/chrono_sim/bin/1spirit_2truss_planner
[137.341s] -- Set runtime path of "/home/blor/ros2_ws/src/chrono_sim/bin/1spirit_2truss_planner" to "/home/blor/ros2_ws2/install/chrono_sim/lib"
[137.341s] -- Installing: /home/blor/ros2_ws/src/chrono_sim/bin/1spirit_3truss_planner
[137.342s] -- Set runtime path of "/home/blor/ros2_ws/src/chrono_sim/bin/1spirit_3truss_planner" to "/home/blor/ros2_ws2/install/chrono_sim/lib"
[137.342s] -- Installing: /home/blor/ros2_ws/src/chrono_sim/bin/3spirit_3truss_planner
[137.343s] -- Set runtime path of "/home/blor/ros2_ws/src/chrono_sim/bin/3spirit_3truss_planner" to "/home/blor/ros2_ws2/install/chrono_sim/lib"
[137.343s] -- Installing: /home/blor/ros2_ws/src/chrono_sim/bin/3spirit_2truss_planner
[137.344s] -- Set runtime path of "/home/blor/ros2_ws/src/chrono_sim/bin/3spirit_2truss_planner" to "/home/blor/ros2_ws2/install/chrono_sim/lib"
[137.344s] -- Installing: /home/blor/ros2_ws/src/chrono_sim/bin/4spirit_3truss_planner
[137.345s] -- Set runtime path of "/home/blor/ros2_ws/src/chrono_sim/bin/4spirit_3truss_planner" to "/home/blor/ros2_ws2/install/chrono_sim/lib"
[137.346s] -- Installing: /home/blor/ros2_ws2/install/chrono_sim/share/ament_index/resource_index/package_run_dependencies/chrono_sim
[137.346s] -- Installing: /home/blor/ros2_ws2/install/chrono_sim/share/ament_index/resource_index/parent_prefix_path/chrono_sim
[137.347s] -- Installing: /home/blor/ros2_ws2/install/chrono_sim/share/chrono_sim/environment/ament_prefix_path.sh
[137.348s] -- Installing: /home/blor/ros2_ws2/install/chrono_sim/share/chrono_sim/environment/ament_prefix_path.dsv
[137.348s] -- Installing: /home/blor/ros2_ws2/install/chrono_sim/share/chrono_sim/environment/path.sh
[137.348s] -- Installing: /home/blor/ros2_ws2/install/chrono_sim/share/chrono_sim/environment/path.dsv
[137.348s] -- Installing: /home/blor/ros2_ws2/install/chrono_sim/share/chrono_sim/local_setup.bash
[137.349s] -- Installing: /home/blor/ros2_ws2/install/chrono_sim/share/chrono_sim/local_setup.sh
[137.349s] -- Installing: /home/blor/ros2_ws2/install/chrono_sim/share/chrono_sim/local_setup.zsh
[137.349s] -- Installing: /home/blor/ros2_ws2/install/chrono_sim/share/chrono_sim/local_setup.dsv
[137.349s] -- Installing: /home/blor/ros2_ws2/install/chrono_sim/share/chrono_sim/package.dsv
[137.350s] -- Installing: /home/blor/ros2_ws2/install/chrono_sim/share/ament_index/resource_index/packages/chrono_sim
[137.350s] -- Installing: /home/blor/ros2_ws2/install/chrono_sim/share/chrono_sim/cmake/chrono_simConfig.cmake
[137.350s] -- Installing: /home/blor/ros2_ws2/install/chrono_sim/share/chrono_sim/cmake/chrono_simConfig-version.cmake
[137.350s] -- Installing: /home/blor/ros2_ws2/install/chrono_sim/share/chrono_sim/package.xml
[137.356s] Invoked command in '/home/blor/ros2_ws2/build/chrono_sim' returned '0': CMAKE_PREFIX_PATH=${CMAKE_PREFIX_PATH}:/opt/ros/humble /usr/bin/cmake --install /home/blor/ros2_ws2/build/chrono_sim
